INFO:	***** Start a BUSCO v5.beta.1 analysis, current time: 01/21/2021 20:57:57 *****
INFO:	Configuring BUSCO with /busco/config/config.ini
INFO:	Mode is genome
INFO:	Input file is /busco_wd/eukaryota.fna
INFO:	Downloading information on latest versions of BUSCO data...
INFO:	No lineage specified. Running lineage auto selector.

INFO:	***** Starting Auto Select Lineage *****
	This process runs BUSCO on the generic lineage datasets for the domains archaea, bacteria and eukaryota. Once the optimal domain is selected, BUSCO automatically attempts to find the most appropriate BUSCO dataset to use based on phylogenetic placement.
	--auto-lineage-euk and --auto-lineage-prok are also available if you know your input assembly is, or is not, an eukaryote. See the user guide for more information.
	A reminder: Busco evaluations are valid when an appropriate dataset is used, i.e., the dataset belongs to the lineage of the species to test. Because of overlapping markers/spurious matches among domains, busco matches in another domain do not necessarily mean that your genome/proteome contains sequences from this domain. However, a high busco score in multiple domains might help you identify possible contaminations.
INFO:	Downloading file 'https://busco-data.ezlab.org/v4/data/lineages/eukaryota_odb10.2020-09-10.tar.gz'
INFO:	Decompressing file '/busco_wd/busco_downloads/lineages/eukaryota_odb10.tar.gz'
INFO:	Running BUSCO using lineage dataset eukaryota_odb10 (eukaryota, 2020-09-10)
INFO:	Running 1 job(s) on metaeuk, starting at 01/21/2021 20:58:12
INFO:	[metaeuk]	1 of 1 task(s) completed
INFO:	***** Run HMMER on gene sequences *****
INFO:	Running 255 job(s) on hmmsearch, starting at 01/21/2021 20:59:54
INFO:	[hmmsearch]	26 of 255 task(s) completed
INFO:	[hmmsearch]	51 of 255 task(s) completed
INFO:	[hmmsearch]	77 of 255 task(s) completed
INFO:	[hmmsearch]	102 of 255 task(s) completed
INFO:	[hmmsearch]	128 of 255 task(s) completed
INFO:	[hmmsearch]	153 of 255 task(s) completed
INFO:	[hmmsearch]	153 of 255 task(s) completed
INFO:	[hmmsearch]	179 of 255 task(s) completed
INFO:	[hmmsearch]	204 of 255 task(s) completed
INFO:	[hmmsearch]	230 of 255 task(s) completed
INFO:	[hmmsearch]	255 of 255 task(s) completed
INFO:	Results:	C:40.0%[S:40.0%,D:0.0%],F:26.7%,M:33.3%,n:255	   

INFO:	Extracting missing and fragmented buscos from the file refseq_db.faa...
INFO:	Running 1 job(s) on metaeuk, starting at 01/21/2021 21:00:12
INFO:	[metaeuk]	1 of 1 task(s) completed
INFO:	***** Run HMMER on gene sequences *****
INFO:	Running 153 job(s) on hmmsearch, starting at 01/21/2021 21:06:51
INFO:	[hmmsearch]	16 of 153 task(s) completed
INFO:	[hmmsearch]	16 of 153 task(s) completed
INFO:	[hmmsearch]	16 of 153 task(s) completed
INFO:	[hmmsearch]	31 of 153 task(s) completed
INFO:	[hmmsearch]	46 of 153 task(s) completed
INFO:	[hmmsearch]	62 of 153 task(s) completed
INFO:	[hmmsearch]	77 of 153 task(s) completed
INFO:	[hmmsearch]	77 of 153 task(s) completed
INFO:	[hmmsearch]	92 of 153 task(s) completed
INFO:	[hmmsearch]	108 of 153 task(s) completed
INFO:	[hmmsearch]	123 of 153 task(s) completed
INFO:	[hmmsearch]	138 of 153 task(s) completed
INFO:	[hmmsearch]	153 of 153 task(s) completed
INFO:	Results:	C:45.9%[S:45.9%,D:0.0%],F:24.3%,M:29.8%,n:255	   

INFO:	eukaryota_odb10 selected

INFO:	***** Searching tree for chosen lineage to find best taxonomic match *****

INFO:	Extract markers...
INFO:	Downloading file 'https://busco-data.ezlab.org/v4/data/placement_files/list_of_reference_markers.eukaryota_odb10.2019-12-16.txt.tar.gz'
INFO:	Decompressing file '/busco_wd/busco_downloads/placement_files/list_of_reference_markers.eukaryota_odb10.2019-12-16.txt.tar.gz'
INFO:	Downloading file 'https://busco-data.ezlab.org/v4/data/placement_files/tree.eukaryota_odb10.2019-12-16.nwk.tar.gz'
INFO:	Decompressing file '/busco_wd/busco_downloads/placement_files/tree.eukaryota_odb10.2019-12-16.nwk.tar.gz'
INFO:	Downloading file 'https://busco-data.ezlab.org/v4/data/placement_files/tree_metadata.eukaryota_odb10.2019-12-16.txt.tar.gz'
INFO:	Decompressing file '/busco_wd/busco_downloads/placement_files/tree_metadata.eukaryota_odb10.2019-12-16.txt.tar.gz'
INFO:	Downloading file 'https://busco-data.ezlab.org/v4/data/placement_files/supermatrix.aln.eukaryota_odb10.2019-12-16.faa.tar.gz'
INFO:	Decompressing file '/busco_wd/busco_downloads/placement_files/supermatrix.aln.eukaryota_odb10.2019-12-16.faa.tar.gz'
INFO:	Downloading file 'https://busco-data.ezlab.org/v4/data/placement_files/mapping_taxids-busco_dataset_name.eukaryota_odb10.2019-12-16.txt.tar.gz'
INFO:	Decompressing file '/busco_wd/busco_downloads/placement_files/mapping_taxids-busco_dataset_name.eukaryota_odb10.2019-12-16.txt.tar.gz'
INFO:	Downloading file 'https://busco-data.ezlab.org/v4/data/placement_files/mapping_taxid-lineage.eukaryota_odb10.2019-12-16.txt.tar.gz'
INFO:	Decompressing file '/busco_wd/busco_downloads/placement_files/mapping_taxid-lineage.eukaryota_odb10.2019-12-16.txt.tar.gz'
INFO:	Place the markers on the reference tree...
INFO:	Running 1 job(s) on sepp, starting at 01/21/2021 21:06:59
INFO:	[sepp]	1 of 1 task(s) completed
INFO:	Not enough markers were placed on the tree (10). Root lineage eukaryota is kept
INFO:	

	--------------------------------------------------
	|Results from dataset eukaryota_odb10             |
	--------------------------------------------------
	|C:45.9%[S:45.9%,D:0.0%],F:24.3%,M:29.8%,n:255    |
	|117	Complete BUSCOs (C)                       |
	|117	Complete and single-copy BUSCOs (S)       |
	|0	Complete and duplicated BUSCOs (D)        |
	|62	Fragmented BUSCOs (F)                     |
	|76	Missing BUSCOs (M)                        |
	|255	Total BUSCO groups searched               |
	--------------------------------------------------
INFO:	BUSCO analysis done. Total running time: 584 seconds
INFO:	Results written in /busco_wd/FL2014_3_busco_genome_auto_lineage_euk

INFO:	***** Start a BUSCO v5.beta.1 analysis, current time: 01/21/2021 21:07:43 *****
INFO:	Configuring BUSCO with /busco/config/config.ini
INFO:	Mode is genome
INFO:	Input file is /busco_wd/eukaryota.fna
INFO:	Downloading information on latest versions of BUSCO data...
INFO:	Downloading file 'https://busco-data.ezlab.org/v4/data/lineages/metazoa_odb10.2020-09-10.tar.gz'
INFO:	Decompressing file '/busco_wd/busco_downloads/lineages/metazoa_odb10.tar.gz'
INFO:	Running BUSCO using lineage dataset metazoa_odb10 (eukaryota, 2020-09-10)
INFO:	Running 1 job(s) on metaeuk, starting at 01/21/2021 21:07:59
INFO:	[metaeuk]	1 of 1 task(s) completed
INFO:	***** Run HMMER on gene sequences *****
INFO:	Running 954 job(s) on hmmsearch, starting at 01/21/2021 21:09:38
INFO:	[hmmsearch]	96 of 954 task(s) completed
INFO:	[hmmsearch]	191 of 954 task(s) completed
INFO:	[hmmsearch]	287 of 954 task(s) completed
INFO:	[hmmsearch]	382 of 954 task(s) completed
INFO:	[hmmsearch]	478 of 954 task(s) completed
INFO:	[hmmsearch]	573 of 954 task(s) completed
INFO:	[hmmsearch]	668 of 954 task(s) completed
INFO:	[hmmsearch]	764 of 954 task(s) completed
INFO:	[hmmsearch]	859 of 954 task(s) completed
INFO:	[hmmsearch]	954 of 954 task(s) completed
INFO:	Extracting missing and fragmented buscos from the file refseq_db.faa...
INFO:	Running 1 job(s) on metaeuk, starting at 01/21/2021 21:10:22
INFO:	[metaeuk]	1 of 1 task(s) completed
INFO:	Metaeuk rerun did not find any genes
INFO:	

	--------------------------------------------------
	|Results from dataset metazoa_odb10               |
	--------------------------------------------------
	|C:39.8%[S:39.1%,D:0.7%],F:19.5%,M:40.7%,n:954    |
	|380	Complete BUSCOs (C)                       |
	|373	Complete and single-copy BUSCOs (S)       |
	|7	Complete and duplicated BUSCOs (D)        |
	|186	Fragmented BUSCOs (F)                     |
	|388	Missing BUSCOs (M)                        |
	|954	Total BUSCO groups searched               |
	--------------------------------------------------
INFO:	BUSCO analysis done. Total running time: 160 seconds
INFO:	Results written in /busco_wd/FL2014_3_busco_genome_metazoa_odb10

INFO:	***** Start a BUSCO v5.beta.1 analysis, current time: 01/21/2021 21:10:24 *****
INFO:	Configuring BUSCO with /busco/config/config.ini
INFO:	Mode is genome
INFO:	Input file is /busco_wd/eukaryota.fna
INFO:	Downloading information on latest versions of BUSCO data...
INFO:	No lineage specified. Running lineage auto selector.

INFO:	***** Starting Auto Select Lineage *****
	This process runs BUSCO on the generic lineage datasets for the domains archaea, bacteria and eukaryota. Once the optimal domain is selected, BUSCO automatically attempts to find the most appropriate BUSCO dataset to use based on phylogenetic placement.
	--auto-lineage-euk and --auto-lineage-prok are also available if you know your input assembly is, or is not, an eukaryote. See the user guide for more information.
	A reminder: Busco evaluations are valid when an appropriate dataset is used, i.e., the dataset belongs to the lineage of the species to test. Because of overlapping markers/spurious matches among domains, busco matches in another domain do not necessarily mean that your genome/proteome contains sequences from this domain. However, a high busco score in multiple domains might help you identify possible contaminations.
INFO:	Downloading file 'https://busco-data.ezlab.org/v4/data/lineages/eukaryota_odb10.2020-09-10.tar.gz'
INFO:	Decompressing file '/busco_wd/busco_downloads/lineages/eukaryota_odb10.tar.gz'
INFO:	Running BUSCO using lineage dataset eukaryota_odb10 (eukaryota, 2020-09-10)
INFO:	Running 1 job(s) on metaeuk, starting at 01/21/2021 21:10:36
INFO:	[metaeuk]	1 of 1 task(s) completed
INFO:	***** Run HMMER on gene sequences *****
INFO:	Running 255 job(s) on hmmsearch, starting at 01/21/2021 21:12:30
INFO:	[hmmsearch]	26 of 255 task(s) completed
INFO:	[hmmsearch]	51 of 255 task(s) completed
INFO:	[hmmsearch]	77 of 255 task(s) completed
INFO:	[hmmsearch]	102 of 255 task(s) completed
INFO:	[hmmsearch]	128 of 255 task(s) completed
INFO:	[hmmsearch]	153 of 255 task(s) completed
INFO:	[hmmsearch]	179 of 255 task(s) completed
INFO:	[hmmsearch]	204 of 255 task(s) completed
INFO:	[hmmsearch]	230 of 255 task(s) completed
INFO:	[hmmsearch]	255 of 255 task(s) completed
INFO:	Results:	C:43.2%[S:42.4%,D:0.8%],F:23.9%,M:32.9%,n:255	   

INFO:	Extracting missing and fragmented buscos from the file refseq_db.faa...
INFO:	Running 1 job(s) on metaeuk, starting at 01/21/2021 21:12:47
INFO:	[metaeuk]	1 of 1 task(s) completed
INFO:	***** Run HMMER on gene sequences *****
INFO:	Running 145 job(s) on hmmsearch, starting at 01/21/2021 21:19:50
INFO:	[hmmsearch]	15 of 145 task(s) completed
INFO:	[hmmsearch]	29 of 145 task(s) completed
INFO:	[hmmsearch]	44 of 145 task(s) completed
INFO:	[hmmsearch]	58 of 145 task(s) completed
INFO:	[hmmsearch]	73 of 145 task(s) completed
INFO:	[hmmsearch]	87 of 145 task(s) completed
INFO:	[hmmsearch]	102 of 145 task(s) completed
INFO:	[hmmsearch]	116 of 145 task(s) completed
INFO:	[hmmsearch]	131 of 145 task(s) completed
INFO:	[hmmsearch]	145 of 145 task(s) completed
INFO:	Results:	C:49.0%[S:48.2%,D:0.8%],F:22.0%,M:29.0%,n:255	   

INFO:	eukaryota_odb10 selected

INFO:	***** Searching tree for chosen lineage to find best taxonomic match *****

INFO:	Extract markers...
INFO:	Downloading file 'https://busco-data.ezlab.org/v4/data/placement_files/list_of_reference_markers.eukaryota_odb10.2019-12-16.txt.tar.gz'
INFO:	Decompressing file '/busco_wd/busco_downloads/placement_files/list_of_reference_markers.eukaryota_odb10.2019-12-16.txt.tar.gz'
INFO:	Downloading file 'https://busco-data.ezlab.org/v4/data/placement_files/tree.eukaryota_odb10.2019-12-16.nwk.tar.gz'
INFO:	Decompressing file '/busco_wd/busco_downloads/placement_files/tree.eukaryota_odb10.2019-12-16.nwk.tar.gz'
INFO:	Downloading file 'https://busco-data.ezlab.org/v4/data/placement_files/tree_metadata.eukaryota_odb10.2019-12-16.txt.tar.gz'
INFO:	Decompressing file '/busco_wd/busco_downloads/placement_files/tree_metadata.eukaryota_odb10.2019-12-16.txt.tar.gz'
INFO:	Downloading file 'https://busco-data.ezlab.org/v4/data/placement_files/supermatrix.aln.eukaryota_odb10.2019-12-16.faa.tar.gz'
INFO:	Decompressing file '/busco_wd/busco_downloads/placement_files/supermatrix.aln.eukaryota_odb10.2019-12-16.faa.tar.gz'
INFO:	Downloading file 'https://busco-data.ezlab.org/v4/data/placement_files/mapping_taxids-busco_dataset_name.eukaryota_odb10.2019-12-16.txt.tar.gz'
INFO:	Decompressing file '/busco_wd/busco_downloads/placement_files/mapping_taxids-busco_dataset_name.eukaryota_odb10.2019-12-16.txt.tar.gz'
INFO:	Downloading file 'https://busco-data.ezlab.org/v4/data/placement_files/mapping_taxid-lineage.eukaryota_odb10.2019-12-16.txt.tar.gz'
INFO:	Decompressing file '/busco_wd/busco_downloads/placement_files/mapping_taxid-lineage.eukaryota_odb10.2019-12-16.txt.tar.gz'
INFO:	Place the markers on the reference tree...
INFO:	Running 1 job(s) on sepp, starting at 01/21/2021 21:19:58
INFO:	[sepp]	1 of 1 task(s) completed
INFO:	Not enough markers were placed on the tree (10). Root lineage eukaryota is kept
INFO:	

	--------------------------------------------------
	|Results from dataset eukaryota_odb10             |
	--------------------------------------------------
	|C:49.0%[S:48.2%,D:0.8%],F:22.0%,M:29.0%,n:255    |
	|125	Complete BUSCOs (C)                       |
	|123	Complete and single-copy BUSCOs (S)       |
	|2	Complete and duplicated BUSCOs (D)        |
	|56	Fragmented BUSCOs (F)                     |
	|74	Missing BUSCOs (M)                        |
	|255	Total BUSCO groups searched               |
	--------------------------------------------------
INFO:	BUSCO analysis done. Total running time: 614 seconds
INFO:	Results written in /busco_wd/FL2014_9_busco_genome_auto_lineage_euk

INFO:	***** Start a BUSCO v5.beta.1 analysis, current time: 01/21/2021 21:20:39 *****
INFO:	Configuring BUSCO with /busco/config/config.ini
INFO:	Mode is genome
INFO:	Input file is /busco_wd/eukaryota.fna
INFO:	Downloading information on latest versions of BUSCO data...
INFO:	Downloading file 'https://busco-data.ezlab.org/v4/data/lineages/metazoa_odb10.2020-09-10.tar.gz'
INFO:	Decompressing file '/busco_wd/busco_downloads/lineages/metazoa_odb10.tar.gz'
INFO:	Running BUSCO using lineage dataset metazoa_odb10 (eukaryota, 2020-09-10)
INFO:	Running 1 job(s) on metaeuk, starting at 01/21/2021 21:20:57
INFO:	[metaeuk]	1 of 1 task(s) completed
INFO:	***** Run HMMER on gene sequences *****
INFO:	Running 954 job(s) on hmmsearch, starting at 01/21/2021 21:22:49
INFO:	[hmmsearch]	96 of 954 task(s) completed
INFO:	[hmmsearch]	191 of 954 task(s) completed
INFO:	[hmmsearch]	382 of 954 task(s) completed
INFO:	[hmmsearch]	478 of 954 task(s) completed
INFO:	[hmmsearch]	573 of 954 task(s) completed
INFO:	[hmmsearch]	668 of 954 task(s) completed
INFO:	[hmmsearch]	764 of 954 task(s) completed
INFO:	[hmmsearch]	859 of 954 task(s) completed
INFO:	[hmmsearch]	954 of 954 task(s) completed
INFO:	Extracting missing and fragmented buscos from the file refseq_db.faa...
INFO:	Running 1 job(s) on metaeuk, starting at 01/21/2021 21:23:33
INFO:	[metaeuk]	1 of 1 task(s) completed
INFO:	Metaeuk rerun did not find any genes
INFO:	

	--------------------------------------------------
	|Results from dataset metazoa_odb10               |
	--------------------------------------------------
	|C:39.3%[S:38.9%,D:0.4%],F:21.2%,M:39.5%,n:954    |
	|375	Complete BUSCOs (C)                       |
	|371	Complete and single-copy BUSCOs (S)       |
	|4	Complete and duplicated BUSCOs (D)        |
	|202	Fragmented BUSCOs (F)                     |
	|377	Missing BUSCOs (M)                        |
	|954	Total BUSCO groups searched               |
	--------------------------------------------------
INFO:	BUSCO analysis done. Total running time: 174 seconds
INFO:	Results written in /busco_wd/FL2014_9_busco_genome_metazoa_odb10

INFO:	***** Start a BUSCO v5.beta.1 analysis, current time: 01/21/2021 21:23:34 *****
INFO:	Configuring BUSCO with /busco/config/config.ini
INFO:	Mode is genome
INFO:	Input file is /busco_wd/eukaryota.fna
INFO:	Downloading information on latest versions of BUSCO data...
INFO:	No lineage specified. Running lineage auto selector.

INFO:	***** Starting Auto Select Lineage *****
	This process runs BUSCO on the generic lineage datasets for the domains archaea, bacteria and eukaryota. Once the optimal domain is selected, BUSCO automatically attempts to find the most appropriate BUSCO dataset to use based on phylogenetic placement.
	--auto-lineage-euk and --auto-lineage-prok are also available if you know your input assembly is, or is not, an eukaryote. See the user guide for more information.
	A reminder: Busco evaluations are valid when an appropriate dataset is used, i.e., the dataset belongs to the lineage of the species to test. Because of overlapping markers/spurious matches among domains, busco matches in another domain do not necessarily mean that your genome/proteome contains sequences from this domain. However, a high busco score in multiple domains might help you identify possible contaminations.
INFO:	Downloading file 'https://busco-data.ezlab.org/v4/data/lineages/eukaryota_odb10.2020-09-10.tar.gz'
INFO:	Decompressing file '/busco_wd/busco_downloads/lineages/eukaryota_odb10.tar.gz'
INFO:	Running BUSCO using lineage dataset eukaryota_odb10 (eukaryota, 2020-09-10)
INFO:	Running 1 job(s) on metaeuk, starting at 01/21/2021 21:23:47
INFO:	[metaeuk]	1 of 1 task(s) completed
INFO:	***** Run HMMER on gene sequences *****
INFO:	Running 255 job(s) on hmmsearch, starting at 01/21/2021 21:24:53
INFO:	[hmmsearch]	26 of 255 task(s) completed
INFO:	[hmmsearch]	51 of 255 task(s) completed
INFO:	[hmmsearch]	77 of 255 task(s) completed
INFO:	[hmmsearch]	102 of 255 task(s) completed
INFO:	[hmmsearch]	128 of 255 task(s) completed
INFO:	[hmmsearch]	153 of 255 task(s) completed
INFO:	[hmmsearch]	179 of 255 task(s) completed
INFO:	[hmmsearch]	204 of 255 task(s) completed
INFO:	[hmmsearch]	230 of 255 task(s) completed
INFO:	[hmmsearch]	255 of 255 task(s) completed
INFO:	Results:	C:20.0%[S:20.0%,D:0.0%],F:25.9%,M:54.1%,n:255	   

INFO:	Extracting missing and fragmented buscos from the file refseq_db.faa...
INFO:	Running 1 job(s) on metaeuk, starting at 01/21/2021 21:25:13
INFO:	[metaeuk]	1 of 1 task(s) completed
INFO:	***** Run HMMER on gene sequences *****
INFO:	Running 204 job(s) on hmmsearch, starting at 01/21/2021 21:29:48
INFO:	[hmmsearch]	21 of 204 task(s) completed
INFO:	[hmmsearch]	41 of 204 task(s) completed
INFO:	[hmmsearch]	62 of 204 task(s) completed
INFO:	[hmmsearch]	82 of 204 task(s) completed
INFO:	[hmmsearch]	123 of 204 task(s) completed
INFO:	[hmmsearch]	143 of 204 task(s) completed
INFO:	[hmmsearch]	143 of 204 task(s) completed
INFO:	[hmmsearch]	164 of 204 task(s) completed
INFO:	[hmmsearch]	184 of 204 task(s) completed
INFO:	[hmmsearch]	204 of 204 task(s) completed
INFO:	Results:	C:21.6%[S:21.6%,D:0.0%],F:27.5%,M:50.9%,n:255	   

INFO:	eukaryota_odb10 selected

INFO:	***** Searching tree for chosen lineage to find best taxonomic match *****

INFO:	Extract markers...
INFO:	Downloading file 'https://busco-data.ezlab.org/v4/data/placement_files/list_of_reference_markers.eukaryota_odb10.2019-12-16.txt.tar.gz'
INFO:	Decompressing file '/busco_wd/busco_downloads/placement_files/list_of_reference_markers.eukaryota_odb10.2019-12-16.txt.tar.gz'
INFO:	Downloading file 'https://busco-data.ezlab.org/v4/data/placement_files/tree.eukaryota_odb10.2019-12-16.nwk.tar.gz'
INFO:	Decompressing file '/busco_wd/busco_downloads/placement_files/tree.eukaryota_odb10.2019-12-16.nwk.tar.gz'
INFO:	Downloading file 'https://busco-data.ezlab.org/v4/data/placement_files/tree_metadata.eukaryota_odb10.2019-12-16.txt.tar.gz'
INFO:	Decompressing file '/busco_wd/busco_downloads/placement_files/tree_metadata.eukaryota_odb10.2019-12-16.txt.tar.gz'
INFO:	Downloading file 'https://busco-data.ezlab.org/v4/data/placement_files/supermatrix.aln.eukaryota_odb10.2019-12-16.faa.tar.gz'
INFO:	Decompressing file '/busco_wd/busco_downloads/placement_files/supermatrix.aln.eukaryota_odb10.2019-12-16.faa.tar.gz'
INFO:	Downloading file 'https://busco-data.ezlab.org/v4/data/placement_files/mapping_taxids-busco_dataset_name.eukaryota_odb10.2019-12-16.txt.tar.gz'
INFO:	Decompressing file '/busco_wd/busco_downloads/placement_files/mapping_taxids-busco_dataset_name.eukaryota_odb10.2019-12-16.txt.tar.gz'
INFO:	Downloading file 'https://busco-data.ezlab.org/v4/data/placement_files/mapping_taxid-lineage.eukaryota_odb10.2019-12-16.txt.tar.gz'
INFO:	Decompressing file '/busco_wd/busco_downloads/placement_files/mapping_taxid-lineage.eukaryota_odb10.2019-12-16.txt.tar.gz'
INFO:	Place the markers on the reference tree...
INFO:	Running 1 job(s) on sepp, starting at 01/21/2021 21:29:56
INFO:	[sepp]	1 of 1 task(s) completed
INFO:	Not enough markers were placed on the tree (7). Root lineage eukaryota is kept
INFO:	

	--------------------------------------------------
	|Results from dataset eukaryota_odb10             |
	--------------------------------------------------
	|C:21.6%[S:21.6%,D:0.0%],F:27.5%,M:50.9%,n:255    |
	|55	Complete BUSCOs (C)                       |
	|55	Complete and single-copy BUSCOs (S)       |
	|0	Complete and duplicated BUSCOs (D)        |
	|70	Fragmented BUSCOs (F)                     |
	|130	Missing BUSCOs (M)                        |
	|255	Total BUSCO groups searched               |
	--------------------------------------------------
INFO:	BUSCO analysis done. Total running time: 417 seconds
INFO:	Results written in /busco_wd/FL2015_30_busco_genome_auto_lineage_euk

INFO:	***** Start a BUSCO v5.beta.1 analysis, current time: 01/21/2021 21:30:33 *****
INFO:	Configuring BUSCO with /busco/config/config.ini
INFO:	Mode is genome
INFO:	Input file is /busco_wd/eukaryota.fna
INFO:	Downloading information on latest versions of BUSCO data...
INFO:	Downloading file 'https://busco-data.ezlab.org/v4/data/lineages/metazoa_odb10.2020-09-10.tar.gz'
INFO:	Decompressing file '/busco_wd/busco_downloads/lineages/metazoa_odb10.tar.gz'
INFO:	Running BUSCO using lineage dataset metazoa_odb10 (eukaryota, 2020-09-10)
INFO:	Running 1 job(s) on metaeuk, starting at 01/21/2021 21:30:49
INFO:	[metaeuk]	1 of 1 task(s) completed
INFO:	***** Run HMMER on gene sequences *****
INFO:	Running 954 job(s) on hmmsearch, starting at 01/21/2021 21:31:56
INFO:	[hmmsearch]	96 of 954 task(s) completed
INFO:	[hmmsearch]	191 of 954 task(s) completed
INFO:	[hmmsearch]	287 of 954 task(s) completed
INFO:	[hmmsearch]	382 of 954 task(s) completed
INFO:	[hmmsearch]	478 of 954 task(s) completed
INFO:	[hmmsearch]	573 of 954 task(s) completed
INFO:	[hmmsearch]	668 of 954 task(s) completed
INFO:	[hmmsearch]	859 of 954 task(s) completed
INFO:	[hmmsearch]	954 of 954 task(s) completed
INFO:	Extracting missing and fragmented buscos from the file refseq_db.faa...
INFO:	Running 1 job(s) on metaeuk, starting at 01/21/2021 21:32:49
INFO:	[metaeuk]	1 of 1 task(s) completed
INFO:	Metaeuk rerun did not find any genes
INFO:	

	--------------------------------------------------
	|Results from dataset metazoa_odb10               |
	--------------------------------------------------
	|C:23.1%[S:21.9%,D:1.2%],F:22.7%,M:54.2%,n:954    |
	|220	Complete BUSCOs (C)                       |
	|209	Complete and single-copy BUSCOs (S)       |
	|11	Complete and duplicated BUSCOs (D)        |
	|217	Fragmented BUSCOs (F)                     |
	|517	Missing BUSCOs (M)                        |
	|954	Total BUSCO groups searched               |
	--------------------------------------------------
INFO:	BUSCO analysis done. Total running time: 137 seconds
INFO:	Results written in /busco_wd/FL2015_30_busco_genome_metazoa_odb10

INFO:	***** Start a BUSCO v5.beta.1 analysis, current time: 01/21/2021 21:32:51 *****
INFO:	Configuring BUSCO with /busco/config/config.ini
INFO:	Mode is genome
INFO:	Input file is /busco_wd/eukaryota.fna
INFO:	Downloading information on latest versions of BUSCO data...
INFO:	No lineage specified. Running lineage auto selector.

INFO:	***** Starting Auto Select Lineage *****
	This process runs BUSCO on the generic lineage datasets for the domains archaea, bacteria and eukaryota. Once the optimal domain is selected, BUSCO automatically attempts to find the most appropriate BUSCO dataset to use based on phylogenetic placement.
	--auto-lineage-euk and --auto-lineage-prok are also available if you know your input assembly is, or is not, an eukaryote. See the user guide for more information.
	A reminder: Busco evaluations are valid when an appropriate dataset is used, i.e., the dataset belongs to the lineage of the species to test. Because of overlapping markers/spurious matches among domains, busco matches in another domain do not necessarily mean that your genome/proteome contains sequences from this domain. However, a high busco score in multiple domains might help you identify possible contaminations.
INFO:	Downloading file 'https://busco-data.ezlab.org/v4/data/lineages/eukaryota_odb10.2020-09-10.tar.gz'
INFO:	Decompressing file '/busco_wd/busco_downloads/lineages/eukaryota_odb10.tar.gz'
INFO:	Running BUSCO using lineage dataset eukaryota_odb10 (eukaryota, 2020-09-10)
INFO:	Running 1 job(s) on metaeuk, starting at 01/21/2021 21:33:04
INFO:	[metaeuk]	1 of 1 task(s) completed
INFO:	***** Run HMMER on gene sequences *****
INFO:	Running 255 job(s) on hmmsearch, starting at 01/21/2021 21:34:42
INFO:	[hmmsearch]	26 of 255 task(s) completed
INFO:	[hmmsearch]	51 of 255 task(s) completed
INFO:	[hmmsearch]	77 of 255 task(s) completed
INFO:	[hmmsearch]	102 of 255 task(s) completed
INFO:	[hmmsearch]	128 of 255 task(s) completed
INFO:	[hmmsearch]	179 of 255 task(s) completed
INFO:	[hmmsearch]	204 of 255 task(s) completed
INFO:	[hmmsearch]	230 of 255 task(s) completed
INFO:	[hmmsearch]	255 of 255 task(s) completed
INFO:	Results:	C:30.9%[S:28.2%,D:2.7%],F:31.4%,M:37.7%,n:255	   

INFO:	Extracting missing and fragmented buscos from the file refseq_db.faa...
INFO:	Running 1 job(s) on metaeuk, starting at 01/21/2021 21:35:02
INFO:	[metaeuk]	1 of 1 task(s) completed
INFO:	***** Run HMMER on gene sequences *****
INFO:	Running 176 job(s) on hmmsearch, starting at 01/21/2021 21:41:16
INFO:	[hmmsearch]	18 of 176 task(s) completed
INFO:	[hmmsearch]	36 of 176 task(s) completed
INFO:	[hmmsearch]	53 of 176 task(s) completed
INFO:	[hmmsearch]	71 of 176 task(s) completed
INFO:	[hmmsearch]	89 of 176 task(s) completed
INFO:	[hmmsearch]	106 of 176 task(s) completed
INFO:	[hmmsearch]	124 of 176 task(s) completed
INFO:	[hmmsearch]	141 of 176 task(s) completed
INFO:	[hmmsearch]	159 of 176 task(s) completed
INFO:	[hmmsearch]	176 of 176 task(s) completed
INFO:	Results:	C:31.7%[S:29.0%,D:2.7%],F:31.8%,M:36.5%,n:255	   

INFO:	eukaryota_odb10 selected

INFO:	***** Searching tree for chosen lineage to find best taxonomic match *****

INFO:	Extract markers...
INFO:	Downloading file 'https://busco-data.ezlab.org/v4/data/placement_files/list_of_reference_markers.eukaryota_odb10.2019-12-16.txt.tar.gz'
INFO:	Decompressing file '/busco_wd/busco_downloads/placement_files/list_of_reference_markers.eukaryota_odb10.2019-12-16.txt.tar.gz'
INFO:	Downloading file 'https://busco-data.ezlab.org/v4/data/placement_files/tree.eukaryota_odb10.2019-12-16.nwk.tar.gz'
INFO:	Decompressing file '/busco_wd/busco_downloads/placement_files/tree.eukaryota_odb10.2019-12-16.nwk.tar.gz'
INFO:	Downloading file 'https://busco-data.ezlab.org/v4/data/placement_files/tree_metadata.eukaryota_odb10.2019-12-16.txt.tar.gz'
INFO:	Decompressing file '/busco_wd/busco_downloads/placement_files/tree_metadata.eukaryota_odb10.2019-12-16.txt.tar.gz'
INFO:	Downloading file 'https://busco-data.ezlab.org/v4/data/placement_files/supermatrix.aln.eukaryota_odb10.2019-12-16.faa.tar.gz'
INFO:	Decompressing file '/busco_wd/busco_downloads/placement_files/supermatrix.aln.eukaryota_odb10.2019-12-16.faa.tar.gz'
INFO:	Downloading file 'https://busco-data.ezlab.org/v4/data/placement_files/mapping_taxids-busco_dataset_name.eukaryota_odb10.2019-12-16.txt.tar.gz'
INFO:	Decompressing file '/busco_wd/busco_downloads/placement_files/mapping_taxids-busco_dataset_name.eukaryota_odb10.2019-12-16.txt.tar.gz'
INFO:	Downloading file 'https://busco-data.ezlab.org/v4/data/placement_files/mapping_taxid-lineage.eukaryota_odb10.2019-12-16.txt.tar.gz'
INFO:	Decompressing file '/busco_wd/busco_downloads/placement_files/mapping_taxid-lineage.eukaryota_odb10.2019-12-16.txt.tar.gz'
INFO:	Place the markers on the reference tree...
INFO:	Running 1 job(s) on sepp, starting at 01/21/2021 21:41:26
INFO:	[sepp]	1 of 1 task(s) completed
INFO:	Not enough markers were placed on the tree (6). Root lineage eukaryota is kept
INFO:	

	--------------------------------------------------
	|Results from dataset eukaryota_odb10             |
	--------------------------------------------------
	|C:31.7%[S:29.0%,D:2.7%],F:31.8%,M:36.5%,n:255    |
	|81	Complete BUSCOs (C)                       |
	|74	Complete and single-copy BUSCOs (S)       |
	|7	Complete and duplicated BUSCOs (D)        |
	|81	Fragmented BUSCOs (F)                     |
	|93	Missing BUSCOs (M)                        |
	|255	Total BUSCO groups searched               |
	--------------------------------------------------
INFO:	BUSCO analysis done. Total running time: 548 seconds
INFO:	Results written in /busco_wd/FL2015_34_busco_genome_auto_lineage_euk

INFO:	***** Start a BUSCO v5.beta.1 analysis, current time: 01/21/2021 21:42:00 *****
INFO:	Configuring BUSCO with /busco/config/config.ini
INFO:	Mode is genome
INFO:	Input file is /busco_wd/eukaryota.fna
INFO:	Downloading information on latest versions of BUSCO data...
INFO:	Downloading file 'https://busco-data.ezlab.org/v4/data/lineages/metazoa_odb10.2020-09-10.tar.gz'
INFO:	Decompressing file '/busco_wd/busco_downloads/lineages/metazoa_odb10.tar.gz'
INFO:	Running BUSCO using lineage dataset metazoa_odb10 (eukaryota, 2020-09-10)
INFO:	Running 1 job(s) on metaeuk, starting at 01/21/2021 21:42:19
INFO:	[metaeuk]	1 of 1 task(s) completed
INFO:	***** Run HMMER on gene sequences *****
INFO:	Running 954 job(s) on hmmsearch, starting at 01/21/2021 21:43:58
INFO:	[hmmsearch]	96 of 954 task(s) completed
INFO:	[hmmsearch]	191 of 954 task(s) completed
INFO:	[hmmsearch]	287 of 954 task(s) completed
INFO:	[hmmsearch]	382 of 954 task(s) completed
INFO:	[hmmsearch]	478 of 954 task(s) completed
INFO:	[hmmsearch]	573 of 954 task(s) completed
INFO:	[hmmsearch]	668 of 954 task(s) completed
INFO:	[hmmsearch]	764 of 954 task(s) completed
INFO:	[hmmsearch]	859 of 954 task(s) completed
INFO:	[hmmsearch]	954 of 954 task(s) completed
INFO:	Extracting missing and fragmented buscos from the file refseq_db.faa...
INFO:	Running 1 job(s) on metaeuk, starting at 01/21/2021 21:44:45
INFO:	[metaeuk]	1 of 1 task(s) completed
INFO:	Metaeuk rerun did not find any genes
INFO:	

	--------------------------------------------------
	|Results from dataset metazoa_odb10               |
	--------------------------------------------------
	|C:36.1%[S:33.5%,D:2.6%],F:21.3%,M:42.6%,n:954    |
	|345	Complete BUSCOs (C)                       |
	|320	Complete and single-copy BUSCOs (S)       |
	|25	Complete and duplicated BUSCOs (D)        |
	|203	Fragmented BUSCOs (F)                     |
	|406	Missing BUSCOs (M)                        |
	|954	Total BUSCO groups searched               |
	--------------------------------------------------
INFO:	BUSCO analysis done. Total running time: 165 seconds
INFO:	Results written in /busco_wd/FL2015_34_busco_genome_metazoa_odb10

INFO:	***** Start a BUSCO v5.beta.1 analysis, current time: 01/21/2021 21:44:47 *****
INFO:	Configuring BUSCO with /busco/config/config.ini
INFO:	Mode is genome
INFO:	Input file is /busco_wd/eukaryota.fna
INFO:	Downloading information on latest versions of BUSCO data...
INFO:	No lineage specified. Running lineage auto selector.

INFO:	***** Starting Auto Select Lineage *****
	This process runs BUSCO on the generic lineage datasets for the domains archaea, bacteria and eukaryota. Once the optimal domain is selected, BUSCO automatically attempts to find the most appropriate BUSCO dataset to use based on phylogenetic placement.
	--auto-lineage-euk and --auto-lineage-prok are also available if you know your input assembly is, or is not, an eukaryote. See the user guide for more information.
	A reminder: Busco evaluations are valid when an appropriate dataset is used, i.e., the dataset belongs to the lineage of the species to test. Because of overlapping markers/spurious matches among domains, busco matches in another domain do not necessarily mean that your genome/proteome contains sequences from this domain. However, a high busco score in multiple domains might help you identify possible contaminations.
INFO:	Running BUSCO using lineage dataset eukaryota_odb10 (eukaryota, 2020-09-10)
INFO:	Running 1 job(s) on metaeuk, starting at 01/21/2021 21:44:51
INFO:	[metaeuk]	1 of 1 task(s) completed
INFO:	***** Run HMMER on gene sequences *****
INFO:	Running 255 job(s) on hmmsearch, starting at 01/21/2021 21:45:59
INFO:	[hmmsearch]	26 of 255 task(s) completed
INFO:	[hmmsearch]	51 of 255 task(s) completed
INFO:	[hmmsearch]	51 of 255 task(s) completed
INFO:	[hmmsearch]	77 of 255 task(s) completed
INFO:	[hmmsearch]	102 of 255 task(s) completed
INFO:	[hmmsearch]	128 of 255 task(s) completed
INFO:	[hmmsearch]	153 of 255 task(s) completed
INFO:	[hmmsearch]	179 of 255 task(s) completed
INFO:	[hmmsearch]	204 of 255 task(s) completed
INFO:	[hmmsearch]	230 of 255 task(s) completed
INFO:	[hmmsearch]	255 of 255 task(s) completed
INFO:	Results:	C:42.4%[S:40.0%,D:2.4%],F:22.0%,M:35.6%,n:255	   

INFO:	Extracting missing and fragmented buscos from the file refseq_db.faa...
INFO:	Running 1 job(s) on metaeuk, starting at 01/21/2021 21:46:17
INFO:	[metaeuk]	1 of 1 task(s) completed
INFO:	***** Run HMMER on gene sequences *****
INFO:	Running 147 job(s) on hmmsearch, starting at 01/21/2021 21:49:41
INFO:	[hmmsearch]	15 of 147 task(s) completed
INFO:	[hmmsearch]	30 of 147 task(s) completed
INFO:	[hmmsearch]	45 of 147 task(s) completed
INFO:	[hmmsearch]	59 of 147 task(s) completed
INFO:	[hmmsearch]	74 of 147 task(s) completed
INFO:	[hmmsearch]	89 of 147 task(s) completed
INFO:	[hmmsearch]	103 of 147 task(s) completed
INFO:	[hmmsearch]	118 of 147 task(s) completed
INFO:	[hmmsearch]	133 of 147 task(s) completed
INFO:	[hmmsearch]	147 of 147 task(s) completed
INFO:	Results:	C:43.2%[S:40.8%,D:2.4%],F:22.0%,M:34.8%,n:255	   

INFO:	eukaryota_odb10 selected

INFO:	***** Searching tree for chosen lineage to find best taxonomic match *****

INFO:	Extract markers...
INFO:	Place the markers on the reference tree...
INFO:	Running 1 job(s) on sepp, starting at 01/21/2021 21:49:42
INFO:	[sepp]	1 of 1 task(s) completed
INFO:	Not enough markers were placed on the tree (9). Root lineage eukaryota is kept
INFO:	

	--------------------------------------------------
	|Results from dataset eukaryota_odb10             |
	--------------------------------------------------
	|C:43.2%[S:40.8%,D:2.4%],F:22.0%,M:34.8%,n:255    |
	|110	Complete BUSCOs (C)                       |
	|104	Complete and single-copy BUSCOs (S)       |
	|6	Complete and duplicated BUSCOs (D)        |
	|56	Fragmented BUSCOs (F)                     |
	|89	Missing BUSCOs (M)                        |
	|255	Total BUSCO groups searched               |
	--------------------------------------------------
INFO:	BUSCO analysis done. Total running time: 341 seconds
INFO:	Results written in /busco_wd/FL2015_37_busco_genome_auto_lineage_euk

INFO:	***** Start a BUSCO v5.beta.1 analysis, current time: 01/21/2021 21:50:30 *****
INFO:	Configuring BUSCO with /busco/config/config.ini
INFO:	Mode is genome
INFO:	Input file is /busco_wd/eukaryota.fna
INFO:	Downloading information on latest versions of BUSCO data...
INFO:	Downloading file 'https://busco-data.ezlab.org/v4/data/lineages/metazoa_odb10.2020-09-10.tar.gz'
INFO:	Decompressing file '/busco_wd/busco_downloads/lineages/metazoa_odb10.tar.gz'
INFO:	Running BUSCO using lineage dataset metazoa_odb10 (eukaryota, 2020-09-10)
INFO:	Running 1 job(s) on metaeuk, starting at 01/21/2021 21:50:46
INFO:	[metaeuk]	1 of 1 task(s) completed
INFO:	***** Run HMMER on gene sequences *****
INFO:	Running 954 job(s) on hmmsearch, starting at 01/21/2021 21:51:52
INFO:	[hmmsearch]	96 of 954 task(s) completed
INFO:	[hmmsearch]	191 of 954 task(s) completed
INFO:	[hmmsearch]	287 of 954 task(s) completed
INFO:	[hmmsearch]	382 of 954 task(s) completed
INFO:	[hmmsearch]	478 of 954 task(s) completed
INFO:	[hmmsearch]	573 of 954 task(s) completed
INFO:	[hmmsearch]	668 of 954 task(s) completed
INFO:	[hmmsearch]	859 of 954 task(s) completed
INFO:	[hmmsearch]	954 of 954 task(s) completed
INFO:	Extracting missing and fragmented buscos from the file refseq_db.faa...
INFO:	Running 1 job(s) on metaeuk, starting at 01/21/2021 21:52:34
INFO:	[metaeuk]	1 of 1 task(s) completed
INFO:	Metaeuk rerun did not find any genes
INFO:	

	--------------------------------------------------
	|Results from dataset metazoa_odb10               |
	--------------------------------------------------
	|C:45.9%[S:43.2%,D:2.7%],F:11.1%,M:43.0%,n:954    |
	|438	Complete BUSCOs (C)                       |
	|412	Complete and single-copy BUSCOs (S)       |
	|26	Complete and duplicated BUSCOs (D)        |
	|106	Fragmented BUSCOs (F)                     |
	|410	Missing BUSCOs (M)                        |
	|954	Total BUSCO groups searched               |
	--------------------------------------------------
INFO:	BUSCO analysis done. Total running time: 125 seconds
INFO:	Results written in /busco_wd/FL2015_37_busco_genome_metazoa_odb10

INFO:	***** Start a BUSCO v5.beta.1 analysis, current time: 01/21/2021 21:52:36 *****
INFO:	Configuring BUSCO with /busco/config/config.ini
INFO:	Mode is genome
INFO:	Input file is /busco_wd/eukaryota.fna
INFO:	Downloading information on latest versions of BUSCO data...
INFO:	No lineage specified. Running lineage auto selector.

INFO:	***** Starting Auto Select Lineage *****
	This process runs BUSCO on the generic lineage datasets for the domains archaea, bacteria and eukaryota. Once the optimal domain is selected, BUSCO automatically attempts to find the most appropriate BUSCO dataset to use based on phylogenetic placement.
	--auto-lineage-euk and --auto-lineage-prok are also available if you know your input assembly is, or is not, an eukaryote. See the user guide for more information.
	A reminder: Busco evaluations are valid when an appropriate dataset is used, i.e., the dataset belongs to the lineage of the species to test. Because of overlapping markers/spurious matches among domains, busco matches in another domain do not necessarily mean that your genome/proteome contains sequences from this domain. However, a high busco score in multiple domains might help you identify possible contaminations.
INFO:	Downloading file 'https://busco-data.ezlab.org/v4/data/lineages/eukaryota_odb10.2020-09-10.tar.gz'
INFO:	Decompressing file '/busco_wd/busco_downloads/lineages/eukaryota_odb10.tar.gz'
INFO:	Running BUSCO using lineage dataset eukaryota_odb10 (eukaryota, 2020-09-10)
INFO:	Running 1 job(s) on metaeuk, starting at 01/21/2021 21:52:48
INFO:	[metaeuk]	1 of 1 task(s) completed
INFO:	***** Run HMMER on gene sequences *****
INFO:	Running 255 job(s) on hmmsearch, starting at 01/21/2021 21:53:43
INFO:	[hmmsearch]	51 of 255 task(s) completed
INFO:	[hmmsearch]	77 of 255 task(s) completed
INFO:	[hmmsearch]	102 of 255 task(s) completed
INFO:	[hmmsearch]	128 of 255 task(s) completed
INFO:	[hmmsearch]	153 of 255 task(s) completed
INFO:	[hmmsearch]	179 of 255 task(s) completed
INFO:	[hmmsearch]	230 of 255 task(s) completed
INFO:	[hmmsearch]	255 of 255 task(s) completed
INFO:	Results:	C:40.0%[S:38.4%,D:1.6%],F:14.5%,M:45.5%,n:255	   

INFO:	Extracting missing and fragmented buscos from the file refseq_db.faa...
INFO:	Running 1 job(s) on metaeuk, starting at 01/21/2021 21:54:02
INFO:	[metaeuk]	1 of 1 task(s) completed
INFO:	***** Run HMMER on gene sequences *****
INFO:	Running 153 job(s) on hmmsearch, starting at 01/21/2021 21:56:51
INFO:	[hmmsearch]	16 of 153 task(s) completed
INFO:	[hmmsearch]	31 of 153 task(s) completed
INFO:	[hmmsearch]	46 of 153 task(s) completed
INFO:	[hmmsearch]	62 of 153 task(s) completed
INFO:	[hmmsearch]	92 of 153 task(s) completed
INFO:	[hmmsearch]	92 of 153 task(s) completed
INFO:	[hmmsearch]	108 of 153 task(s) completed
INFO:	[hmmsearch]	123 of 153 task(s) completed
INFO:	[hmmsearch]	138 of 153 task(s) completed
INFO:	[hmmsearch]	153 of 153 task(s) completed
INFO:	Results:	C:40.4%[S:38.8%,D:1.6%],F:15.7%,M:43.9%,n:255	   

INFO:	eukaryota_odb10 selected

INFO:	***** Searching tree for chosen lineage to find best taxonomic match *****

INFO:	Extract markers...
INFO:	Downloading file 'https://busco-data.ezlab.org/v4/data/placement_files/list_of_reference_markers.eukaryota_odb10.2019-12-16.txt.tar.gz'
INFO:	Decompressing file '/busco_wd/busco_downloads/placement_files/list_of_reference_markers.eukaryota_odb10.2019-12-16.txt.tar.gz'
INFO:	Downloading file 'https://busco-data.ezlab.org/v4/data/placement_files/tree.eukaryota_odb10.2019-12-16.nwk.tar.gz'
INFO:	Decompressing file '/busco_wd/busco_downloads/placement_files/tree.eukaryota_odb10.2019-12-16.nwk.tar.gz'
INFO:	Downloading file 'https://busco-data.ezlab.org/v4/data/placement_files/tree_metadata.eukaryota_odb10.2019-12-16.txt.tar.gz'
INFO:	Decompressing file '/busco_wd/busco_downloads/placement_files/tree_metadata.eukaryota_odb10.2019-12-16.txt.tar.gz'
INFO:	Downloading file 'https://busco-data.ezlab.org/v4/data/placement_files/supermatrix.aln.eukaryota_odb10.2019-12-16.faa.tar.gz'
INFO:	Decompressing file '/busco_wd/busco_downloads/placement_files/supermatrix.aln.eukaryota_odb10.2019-12-16.faa.tar.gz'
INFO:	Downloading file 'https://busco-data.ezlab.org/v4/data/placement_files/mapping_taxids-busco_dataset_name.eukaryota_odb10.2019-12-16.txt.tar.gz'
INFO:	Decompressing file '/busco_wd/busco_downloads/placement_files/mapping_taxids-busco_dataset_name.eukaryota_odb10.2019-12-16.txt.tar.gz'
INFO:	Downloading file 'https://busco-data.ezlab.org/v4/data/placement_files/mapping_taxid-lineage.eukaryota_odb10.2019-12-16.txt.tar.gz'
INFO:	Decompressing file '/busco_wd/busco_downloads/placement_files/mapping_taxid-lineage.eukaryota_odb10.2019-12-16.txt.tar.gz'
INFO:	Place the markers on the reference tree...
INFO:	Running 1 job(s) on sepp, starting at 01/21/2021 21:57:01
INFO:	[sepp]	1 of 1 task(s) completed
INFO:	Not enough markers were placed on the tree (7). Root lineage eukaryota is kept
INFO:	

	--------------------------------------------------
	|Results from dataset eukaryota_odb10             |
	--------------------------------------------------
	|C:40.4%[S:38.8%,D:1.6%],F:15.7%,M:43.9%,n:255    |
	|103	Complete BUSCOs (C)                       |
	|99	Complete and single-copy BUSCOs (S)       |
	|4	Complete and duplicated BUSCOs (D)        |
	|40	Fragmented BUSCOs (F)                     |
	|112	Missing BUSCOs (M)                        |
	|255	Total BUSCO groups searched               |
	--------------------------------------------------
INFO:	BUSCO analysis done. Total running time: 306 seconds
INFO:	Results written in /busco_wd/FL2015_4_busco_genome_auto_lineage_euk

INFO:	***** Start a BUSCO v5.beta.1 analysis, current time: 01/21/2021 21:57:42 *****
INFO:	Configuring BUSCO with /busco/config/config.ini
INFO:	Mode is genome
INFO:	Input file is /busco_wd/eukaryota.fna
INFO:	Downloading information on latest versions of BUSCO data...
INFO:	Downloading file 'https://busco-data.ezlab.org/v4/data/lineages/metazoa_odb10.2020-09-10.tar.gz'
INFO:	Decompressing file '/busco_wd/busco_downloads/lineages/metazoa_odb10.tar.gz'
INFO:	Running BUSCO using lineage dataset metazoa_odb10 (eukaryota, 2020-09-10)
INFO:	Running 1 job(s) on metaeuk, starting at 01/21/2021 21:57:59
INFO:	[metaeuk]	1 of 1 task(s) completed
INFO:	***** Run HMMER on gene sequences *****
INFO:	Running 954 job(s) on hmmsearch, starting at 01/21/2021 21:58:52
INFO:	[hmmsearch]	96 of 954 task(s) completed
INFO:	[hmmsearch]	191 of 954 task(s) completed
INFO:	[hmmsearch]	287 of 954 task(s) completed
INFO:	[hmmsearch]	478 of 954 task(s) completed
INFO:	[hmmsearch]	573 of 954 task(s) completed
INFO:	[hmmsearch]	668 of 954 task(s) completed
INFO:	[hmmsearch]	764 of 954 task(s) completed
INFO:	[hmmsearch]	859 of 954 task(s) completed
INFO:	[hmmsearch]	954 of 954 task(s) completed
INFO:	Extracting missing and fragmented buscos from the file refseq_db.faa...
INFO:	Running 1 job(s) on metaeuk, starting at 01/21/2021 21:59:38
INFO:	[metaeuk]	1 of 1 task(s) completed
INFO:	Metaeuk rerun did not find any genes
INFO:	

	--------------------------------------------------
	|Results from dataset metazoa_odb10               |
	--------------------------------------------------
	|C:39.3%[S:36.8%,D:2.5%],F:12.7%,M:48.0%,n:954    |
	|375	Complete BUSCOs (C)                       |
	|351	Complete and single-copy BUSCOs (S)       |
	|24	Complete and duplicated BUSCOs (D)        |
	|121	Fragmented BUSCOs (F)                     |
	|458	Missing BUSCOs (M)                        |
	|954	Total BUSCO groups searched               |
	--------------------------------------------------
INFO:	BUSCO analysis done. Total running time: 116 seconds
INFO:	Results written in /busco_wd/FL2015_4_busco_genome_metazoa_odb10

INFO:	***** Start a BUSCO v5.beta.1 analysis, current time: 01/21/2021 21:59:40 *****
INFO:	Configuring BUSCO with /busco/config/config.ini
INFO:	Mode is genome
INFO:	Input file is /busco_wd/eukaryota.fna
INFO:	Downloading information on latest versions of BUSCO data...
INFO:	No lineage specified. Running lineage auto selector.

INFO:	***** Starting Auto Select Lineage *****
	This process runs BUSCO on the generic lineage datasets for the domains archaea, bacteria and eukaryota. Once the optimal domain is selected, BUSCO automatically attempts to find the most appropriate BUSCO dataset to use based on phylogenetic placement.
	--auto-lineage-euk and --auto-lineage-prok are also available if you know your input assembly is, or is not, an eukaryote. See the user guide for more information.
	A reminder: Busco evaluations are valid when an appropriate dataset is used, i.e., the dataset belongs to the lineage of the species to test. Because of overlapping markers/spurious matches among domains, busco matches in another domain do not necessarily mean that your genome/proteome contains sequences from this domain. However, a high busco score in multiple domains might help you identify possible contaminations.
INFO:	Downloading file 'https://busco-data.ezlab.org/v4/data/lineages/eukaryota_odb10.2020-09-10.tar.gz'
INFO:	Decompressing file '/busco_wd/busco_downloads/lineages/eukaryota_odb10.tar.gz'
INFO:	Running BUSCO using lineage dataset eukaryota_odb10 (eukaryota, 2020-09-10)
INFO:	Running 1 job(s) on metaeuk, starting at 01/21/2021 21:59:53
INFO:	[metaeuk]	1 of 1 task(s) completed
INFO:	***** Run HMMER on gene sequences *****
INFO:	Running 255 job(s) on hmmsearch, starting at 01/21/2021 22:02:42
INFO:	[hmmsearch]	26 of 255 task(s) completed
INFO:	[hmmsearch]	51 of 255 task(s) completed
INFO:	[hmmsearch]	77 of 255 task(s) completed
INFO:	[hmmsearch]	102 of 255 task(s) completed
INFO:	[hmmsearch]	128 of 255 task(s) completed
INFO:	[hmmsearch]	153 of 255 task(s) completed
INFO:	[hmmsearch]	179 of 255 task(s) completed
INFO:	[hmmsearch]	204 of 255 task(s) completed
INFO:	[hmmsearch]	230 of 255 task(s) completed
INFO:	[hmmsearch]	255 of 255 task(s) completed
INFO:	Results:	C:49.4%[S:35.7%,D:13.7%],F:26.3%,M:24.3%,n:255	   

INFO:	Extracting missing and fragmented buscos from the file refseq_db.faa...
INFO:	Running 1 job(s) on metaeuk, starting at 01/21/2021 22:02:58
INFO:	[metaeuk]	1 of 1 task(s) completed
INFO:	***** Run HMMER on gene sequences *****
INFO:	Running 129 job(s) on hmmsearch, starting at 01/21/2021 22:13:59
INFO:	[hmmsearch]	13 of 129 task(s) completed
INFO:	[hmmsearch]	26 of 129 task(s) completed
INFO:	[hmmsearch]	39 of 129 task(s) completed
INFO:	[hmmsearch]	52 of 129 task(s) completed
INFO:	[hmmsearch]	65 of 129 task(s) completed
INFO:	[hmmsearch]	78 of 129 task(s) completed
INFO:	[hmmsearch]	91 of 129 task(s) completed
INFO:	[hmmsearch]	104 of 129 task(s) completed
INFO:	[hmmsearch]	117 of 129 task(s) completed
INFO:	[hmmsearch]	129 of 129 task(s) completed
INFO:	Results:	C:55.7%[S:41.6%,D:14.1%],F:26.7%,M:17.6%,n:255	   

INFO:	eukaryota_odb10 selected

INFO:	***** Searching tree for chosen lineage to find best taxonomic match *****

INFO:	Extract markers...
INFO:	Downloading file 'https://busco-data.ezlab.org/v4/data/placement_files/list_of_reference_markers.eukaryota_odb10.2019-12-16.txt.tar.gz'
INFO:	Decompressing file '/busco_wd/busco_downloads/placement_files/list_of_reference_markers.eukaryota_odb10.2019-12-16.txt.tar.gz'
INFO:	Downloading file 'https://busco-data.ezlab.org/v4/data/placement_files/tree.eukaryota_odb10.2019-12-16.nwk.tar.gz'
INFO:	Decompressing file '/busco_wd/busco_downloads/placement_files/tree.eukaryota_odb10.2019-12-16.nwk.tar.gz'
INFO:	Downloading file 'https://busco-data.ezlab.org/v4/data/placement_files/tree_metadata.eukaryota_odb10.2019-12-16.txt.tar.gz'
INFO:	Decompressing file '/busco_wd/busco_downloads/placement_files/tree_metadata.eukaryota_odb10.2019-12-16.txt.tar.gz'
INFO:	Downloading file 'https://busco-data.ezlab.org/v4/data/placement_files/supermatrix.aln.eukaryota_odb10.2019-12-16.faa.tar.gz'
INFO:	Decompressing file '/busco_wd/busco_downloads/placement_files/supermatrix.aln.eukaryota_odb10.2019-12-16.faa.tar.gz'
INFO:	Downloading file 'https://busco-data.ezlab.org/v4/data/placement_files/mapping_taxids-busco_dataset_name.eukaryota_odb10.2019-12-16.txt.tar.gz'
INFO:	Decompressing file '/busco_wd/busco_downloads/placement_files/mapping_taxids-busco_dataset_name.eukaryota_odb10.2019-12-16.txt.tar.gz'
INFO:	Downloading file 'https://busco-data.ezlab.org/v4/data/placement_files/mapping_taxid-lineage.eukaryota_odb10.2019-12-16.txt.tar.gz'
INFO:	Decompressing file '/busco_wd/busco_downloads/placement_files/mapping_taxid-lineage.eukaryota_odb10.2019-12-16.txt.tar.gz'
INFO:	Place the markers on the reference tree...
INFO:	Running 1 job(s) on sepp, starting at 01/21/2021 22:14:07
INFO:	[sepp]	1 of 1 task(s) completed
INFO:	Not enough markers were placed on the tree (9). Root lineage eukaryota is kept
INFO:	

	--------------------------------------------------
	|Results from dataset eukaryota_odb10             |
	--------------------------------------------------
	|C:55.7%[S:41.6%,D:14.1%],F:26.7%,M:17.6%,n:255   |
	|142	Complete BUSCOs (C)                       |
	|106	Complete and single-copy BUSCOs (S)       |
	|36	Complete and duplicated BUSCOs (D)        |
	|68	Fragmented BUSCOs (F)                     |
	|45	Missing BUSCOs (M)                        |
	|255	Total BUSCO groups searched               |
	--------------------------------------------------
INFO:	BUSCO analysis done. Total running time: 907 seconds
INFO:	Results written in /busco_wd/FL2015_42_busco_genome_auto_lineage_euk

INFO:	***** Start a BUSCO v5.beta.1 analysis, current time: 01/21/2021 22:14:48 *****
INFO:	Configuring BUSCO with /busco/config/config.ini
INFO:	Mode is genome
INFO:	Input file is /busco_wd/eukaryota.fna
INFO:	Downloading information on latest versions of BUSCO data...
INFO:	Downloading file 'https://busco-data.ezlab.org/v4/data/lineages/metazoa_odb10.2020-09-10.tar.gz'
INFO:	Decompressing file '/busco_wd/busco_downloads/lineages/metazoa_odb10.tar.gz'
INFO:	Running BUSCO using lineage dataset metazoa_odb10 (eukaryota, 2020-09-10)
INFO:	Running 1 job(s) on metaeuk, starting at 01/21/2021 22:15:05
INFO:	[metaeuk]	1 of 1 task(s) completed
INFO:	***** Run HMMER on gene sequences *****
INFO:	Running 954 job(s) on hmmsearch, starting at 01/21/2021 22:17:50
INFO:	[hmmsearch]	96 of 954 task(s) completed
INFO:	[hmmsearch]	191 of 954 task(s) completed
INFO:	[hmmsearch]	287 of 954 task(s) completed
INFO:	[hmmsearch]	382 of 954 task(s) completed
INFO:	[hmmsearch]	478 of 954 task(s) completed
INFO:	[hmmsearch]	573 of 954 task(s) completed
INFO:	[hmmsearch]	668 of 954 task(s) completed
INFO:	[hmmsearch]	764 of 954 task(s) completed
INFO:	[hmmsearch]	859 of 954 task(s) completed
INFO:	[hmmsearch]	954 of 954 task(s) completed
INFO:	Extracting missing and fragmented buscos from the file refseq_db.faa...
INFO:	Running 1 job(s) on metaeuk, starting at 01/21/2021 22:18:31
INFO:	[metaeuk]	1 of 1 task(s) completed
INFO:	Metaeuk rerun did not find any genes
INFO:	

	--------------------------------------------------
	|Results from dataset metazoa_odb10               |
	--------------------------------------------------
	|C:45.2%[S:33.8%,D:11.4%],F:20.8%,M:34.0%,n:954   |
	|431	Complete BUSCOs (C)                       |
	|322	Complete and single-copy BUSCOs (S)       |
	|109	Complete and duplicated BUSCOs (D)        |
	|198	Fragmented BUSCOs (F)                     |
	|325	Missing BUSCOs (M)                        |
	|954	Total BUSCO groups searched               |
	--------------------------------------------------
INFO:	BUSCO analysis done. Total running time: 224 seconds
INFO:	Results written in /busco_wd/FL2015_42_busco_genome_metazoa_odb10

INFO:	***** Start a BUSCO v5.beta.1 analysis, current time: 01/21/2021 22:18:33 *****
INFO:	Configuring BUSCO with /busco/config/config.ini
INFO:	Mode is genome
INFO:	Input file is /busco_wd/eukaryota.fna
INFO:	Downloading information on latest versions of BUSCO data...
INFO:	No lineage specified. Running lineage auto selector.

INFO:	***** Starting Auto Select Lineage *****
	This process runs BUSCO on the generic lineage datasets for the domains archaea, bacteria and eukaryota. Once the optimal domain is selected, BUSCO automatically attempts to find the most appropriate BUSCO dataset to use based on phylogenetic placement.
	--auto-lineage-euk and --auto-lineage-prok are also available if you know your input assembly is, or is not, an eukaryote. See the user guide for more information.
	A reminder: Busco evaluations are valid when an appropriate dataset is used, i.e., the dataset belongs to the lineage of the species to test. Because of overlapping markers/spurious matches among domains, busco matches in another domain do not necessarily mean that your genome/proteome contains sequences from this domain. However, a high busco score in multiple domains might help you identify possible contaminations.
INFO:	Downloading file 'https://busco-data.ezlab.org/v4/data/lineages/eukaryota_odb10.2020-09-10.tar.gz'
INFO:	Decompressing file '/busco_wd/busco_downloads/lineages/eukaryota_odb10.tar.gz'
INFO:	Running BUSCO using lineage dataset eukaryota_odb10 (eukaryota, 2020-09-10)
INFO:	Running 1 job(s) on metaeuk, starting at 01/21/2021 22:18:47
INFO:	[metaeuk]	1 of 1 task(s) completed
INFO:	***** Run HMMER on gene sequences *****
INFO:	Running 255 job(s) on hmmsearch, starting at 01/21/2021 22:21:23
INFO:	[hmmsearch]	26 of 255 task(s) completed
INFO:	[hmmsearch]	51 of 255 task(s) completed
INFO:	[hmmsearch]	77 of 255 task(s) completed
INFO:	[hmmsearch]	102 of 255 task(s) completed
INFO:	[hmmsearch]	102 of 255 task(s) completed
INFO:	[hmmsearch]	128 of 255 task(s) completed
INFO:	[hmmsearch]	128 of 255 task(s) completed
INFO:	[hmmsearch]	153 of 255 task(s) completed
INFO:	[hmmsearch]	179 of 255 task(s) completed
INFO:	[hmmsearch]	204 of 255 task(s) completed
INFO:	[hmmsearch]	230 of 255 task(s) completed
INFO:	[hmmsearch]	255 of 255 task(s) completed
INFO:	Results:	C:42.8%[S:30.6%,D:12.2%],F:27.5%,M:29.7%,n:255	   

INFO:	Extracting missing and fragmented buscos from the file refseq_db.faa...
INFO:	Running 1 job(s) on metaeuk, starting at 01/21/2021 22:21:39
INFO:	[metaeuk]	1 of 1 task(s) completed
INFO:	***** Run HMMER on gene sequences *****
INFO:	Running 146 job(s) on hmmsearch, starting at 01/21/2021 22:31:48
INFO:	[hmmsearch]	15 of 146 task(s) completed
INFO:	[hmmsearch]	30 of 146 task(s) completed
INFO:	[hmmsearch]	44 of 146 task(s) completed
INFO:	[hmmsearch]	59 of 146 task(s) completed
INFO:	[hmmsearch]	73 of 146 task(s) completed
INFO:	[hmmsearch]	88 of 146 task(s) completed
INFO:	[hmmsearch]	103 of 146 task(s) completed
INFO:	[hmmsearch]	117 of 146 task(s) completed
INFO:	[hmmsearch]	132 of 146 task(s) completed
INFO:	[hmmsearch]	146 of 146 task(s) completed
INFO:	Results:	C:48.2%[S:34.5%,D:13.7%],F:27.1%,M:24.7%,n:255	   

INFO:	eukaryota_odb10 selected

INFO:	***** Searching tree for chosen lineage to find best taxonomic match *****

INFO:	Extract markers...
INFO:	Downloading file 'https://busco-data.ezlab.org/v4/data/placement_files/list_of_reference_markers.eukaryota_odb10.2019-12-16.txt.tar.gz'
INFO:	Decompressing file '/busco_wd/busco_downloads/placement_files/list_of_reference_markers.eukaryota_odb10.2019-12-16.txt.tar.gz'
INFO:	Downloading file 'https://busco-data.ezlab.org/v4/data/placement_files/tree.eukaryota_odb10.2019-12-16.nwk.tar.gz'
INFO:	Decompressing file '/busco_wd/busco_downloads/placement_files/tree.eukaryota_odb10.2019-12-16.nwk.tar.gz'
INFO:	Downloading file 'https://busco-data.ezlab.org/v4/data/placement_files/tree_metadata.eukaryota_odb10.2019-12-16.txt.tar.gz'
INFO:	Decompressing file '/busco_wd/busco_downloads/placement_files/tree_metadata.eukaryota_odb10.2019-12-16.txt.tar.gz'
INFO:	Downloading file 'https://busco-data.ezlab.org/v4/data/placement_files/supermatrix.aln.eukaryota_odb10.2019-12-16.faa.tar.gz'
INFO:	Decompressing file '/busco_wd/busco_downloads/placement_files/supermatrix.aln.eukaryota_odb10.2019-12-16.faa.tar.gz'
INFO:	Downloading file 'https://busco-data.ezlab.org/v4/data/placement_files/mapping_taxids-busco_dataset_name.eukaryota_odb10.2019-12-16.txt.tar.gz'
INFO:	Decompressing file '/busco_wd/busco_downloads/placement_files/mapping_taxids-busco_dataset_name.eukaryota_odb10.2019-12-16.txt.tar.gz'
INFO:	Downloading file 'https://busco-data.ezlab.org/v4/data/placement_files/mapping_taxid-lineage.eukaryota_odb10.2019-12-16.txt.tar.gz'
INFO:	Decompressing file '/busco_wd/busco_downloads/placement_files/mapping_taxid-lineage.eukaryota_odb10.2019-12-16.txt.tar.gz'
INFO:	Place the markers on the reference tree...
INFO:	Running 1 job(s) on sepp, starting at 01/21/2021 22:31:56
INFO:	[sepp]	1 of 1 task(s) completed
INFO:	Lineage eukaryota is selected, supported by 12 markers out of 42
INFO:	

	--------------------------------------------------
	|Results from dataset eukaryota_odb10             |
	--------------------------------------------------
	|C:48.2%[S:34.5%,D:13.7%],F:27.1%,M:24.7%,n:255   |
	|123	Complete BUSCOs (C)                       |
	|88	Complete and single-copy BUSCOs (S)       |
	|35	Complete and duplicated BUSCOs (D)        |
	|69	Fragmented BUSCOs (F)                     |
	|63	Missing BUSCOs (M)                        |
	|255	Total BUSCO groups searched               |
	--------------------------------------------------
INFO:	BUSCO analysis done. Total running time: 842 seconds
INFO:	Results written in /busco_wd/FL2015_43_busco_genome_auto_lineage_euk

INFO:	***** Start a BUSCO v5.beta.1 analysis, current time: 01/21/2021 22:32:37 *****
INFO:	Configuring BUSCO with /busco/config/config.ini
INFO:	Mode is genome
INFO:	Input file is /busco_wd/eukaryota.fna
INFO:	Downloading information on latest versions of BUSCO data...
INFO:	Downloading file 'https://busco-data.ezlab.org/v4/data/lineages/metazoa_odb10.2020-09-10.tar.gz'
INFO:	Decompressing file '/busco_wd/busco_downloads/lineages/metazoa_odb10.tar.gz'
INFO:	Running BUSCO using lineage dataset metazoa_odb10 (eukaryota, 2020-09-10)
INFO:	Running 1 job(s) on metaeuk, starting at 01/21/2021 22:32:53
INFO:	[metaeuk]	1 of 1 task(s) completed
INFO:	***** Run HMMER on gene sequences *****
INFO:	Running 954 job(s) on hmmsearch, starting at 01/21/2021 22:35:23
INFO:	[hmmsearch]	96 of 954 task(s) completed
INFO:	[hmmsearch]	191 of 954 task(s) completed
INFO:	[hmmsearch]	287 of 954 task(s) completed
INFO:	[hmmsearch]	382 of 954 task(s) completed
INFO:	[hmmsearch]	478 of 954 task(s) completed
INFO:	[hmmsearch]	668 of 954 task(s) completed
INFO:	[hmmsearch]	859 of 954 task(s) completed
INFO:	[hmmsearch]	954 of 954 task(s) completed
INFO:	Extracting missing and fragmented buscos from the file refseq_db.faa...
INFO:	Running 1 job(s) on metaeuk, starting at 01/21/2021 22:36:07
INFO:	[metaeuk]	1 of 1 task(s) completed
INFO:	Metaeuk rerun did not find any genes
INFO:	

	--------------------------------------------------
	|Results from dataset metazoa_odb10               |
	--------------------------------------------------
	|C:39.6%[S:30.9%,D:8.7%],F:22.4%,M:38.0%,n:954    |
	|378	Complete BUSCOs (C)                       |
	|295	Complete and single-copy BUSCOs (S)       |
	|83	Complete and duplicated BUSCOs (D)        |
	|214	Fragmented BUSCOs (F)                     |
	|362	Missing BUSCOs (M)                        |
	|954	Total BUSCO groups searched               |
	--------------------------------------------------
INFO:	BUSCO analysis done. Total running time: 211 seconds
INFO:	Results written in /busco_wd/FL2015_43_busco_genome_metazoa_odb10

INFO:	***** Start a BUSCO v5.beta.1 analysis, current time: 01/21/2021 22:36:09 *****
INFO:	Configuring BUSCO with /busco/config/config.ini
INFO:	Mode is genome
INFO:	Input file is /busco_wd/eukaryota.fna
INFO:	Downloading information on latest versions of BUSCO data...
INFO:	No lineage specified. Running lineage auto selector.

INFO:	***** Starting Auto Select Lineage *****
	This process runs BUSCO on the generic lineage datasets for the domains archaea, bacteria and eukaryota. Once the optimal domain is selected, BUSCO automatically attempts to find the most appropriate BUSCO dataset to use based on phylogenetic placement.
	--auto-lineage-euk and --auto-lineage-prok are also available if you know your input assembly is, or is not, an eukaryote. See the user guide for more information.
	A reminder: Busco evaluations are valid when an appropriate dataset is used, i.e., the dataset belongs to the lineage of the species to test. Because of overlapping markers/spurious matches among domains, busco matches in another domain do not necessarily mean that your genome/proteome contains sequences from this domain. However, a high busco score in multiple domains might help you identify possible contaminations.
INFO:	Downloading file 'https://busco-data.ezlab.org/v4/data/lineages/eukaryota_odb10.2020-09-10.tar.gz'
INFO:	Decompressing file '/busco_wd/busco_downloads/lineages/eukaryota_odb10.tar.gz'
INFO:	Running BUSCO using lineage dataset eukaryota_odb10 (eukaryota, 2020-09-10)
INFO:	Running 1 job(s) on metaeuk, starting at 01/21/2021 22:36:22
INFO:	[metaeuk]	1 of 1 task(s) completed
INFO:	***** Run HMMER on gene sequences *****
INFO:	Running 255 job(s) on hmmsearch, starting at 01/21/2021 22:39:41
INFO:	[hmmsearch]	26 of 255 task(s) completed
INFO:	[hmmsearch]	77 of 255 task(s) completed
INFO:	[hmmsearch]	102 of 255 task(s) completed
INFO:	[hmmsearch]	128 of 255 task(s) completed
INFO:	[hmmsearch]	153 of 255 task(s) completed
INFO:	[hmmsearch]	179 of 255 task(s) completed
INFO:	[hmmsearch]	204 of 255 task(s) completed
INFO:	[hmmsearch]	230 of 255 task(s) completed
INFO:	[hmmsearch]	255 of 255 task(s) completed
INFO:	Results:	C:56.9%[S:55.7%,D:1.2%],F:16.1%,M:27.0%,n:255	   

INFO:	Extracting missing and fragmented buscos from the file refseq_db.faa...
INFO:	Running 1 job(s) on metaeuk, starting at 01/21/2021 22:39:56
INFO:	[metaeuk]	1 of 1 task(s) completed
INFO:	***** Run HMMER on gene sequences *****
INFO:	Running 110 job(s) on hmmsearch, starting at 01/21/2021 22:51:34
INFO:	[hmmsearch]	11 of 110 task(s) completed
INFO:	[hmmsearch]	22 of 110 task(s) completed
INFO:	[hmmsearch]	33 of 110 task(s) completed
INFO:	[hmmsearch]	44 of 110 task(s) completed
INFO:	[hmmsearch]	55 of 110 task(s) completed
INFO:	[hmmsearch]	66 of 110 task(s) completed
INFO:	[hmmsearch]	77 of 110 task(s) completed
INFO:	[hmmsearch]	88 of 110 task(s) completed
INFO:	[hmmsearch]	99 of 110 task(s) completed
INFO:	[hmmsearch]	110 of 110 task(s) completed
INFO:	Results:	C:62.0%[S:60.8%,D:1.2%],F:13.3%,M:24.7%,n:255	   

INFO:	eukaryota_odb10 selected

INFO:	***** Searching tree for chosen lineage to find best taxonomic match *****

INFO:	Extract markers...
INFO:	Downloading file 'https://busco-data.ezlab.org/v4/data/placement_files/list_of_reference_markers.eukaryota_odb10.2019-12-16.txt.tar.gz'
INFO:	Decompressing file '/busco_wd/busco_downloads/placement_files/list_of_reference_markers.eukaryota_odb10.2019-12-16.txt.tar.gz'
INFO:	Downloading file 'https://busco-data.ezlab.org/v4/data/placement_files/tree.eukaryota_odb10.2019-12-16.nwk.tar.gz'
INFO:	Decompressing file '/busco_wd/busco_downloads/placement_files/tree.eukaryota_odb10.2019-12-16.nwk.tar.gz'
INFO:	Downloading file 'https://busco-data.ezlab.org/v4/data/placement_files/tree_metadata.eukaryota_odb10.2019-12-16.txt.tar.gz'
INFO:	Decompressing file '/busco_wd/busco_downloads/placement_files/tree_metadata.eukaryota_odb10.2019-12-16.txt.tar.gz'
INFO:	Downloading file 'https://busco-data.ezlab.org/v4/data/placement_files/supermatrix.aln.eukaryota_odb10.2019-12-16.faa.tar.gz'
INFO:	Decompressing file '/busco_wd/busco_downloads/placement_files/supermatrix.aln.eukaryota_odb10.2019-12-16.faa.tar.gz'
INFO:	Downloading file 'https://busco-data.ezlab.org/v4/data/placement_files/mapping_taxids-busco_dataset_name.eukaryota_odb10.2019-12-16.txt.tar.gz'
INFO:	Decompressing file '/busco_wd/busco_downloads/placement_files/mapping_taxids-busco_dataset_name.eukaryota_odb10.2019-12-16.txt.tar.gz'
INFO:	Downloading file 'https://busco-data.ezlab.org/v4/data/placement_files/mapping_taxid-lineage.eukaryota_odb10.2019-12-16.txt.tar.gz'
INFO:	Decompressing file '/busco_wd/busco_downloads/placement_files/mapping_taxid-lineage.eukaryota_odb10.2019-12-16.txt.tar.gz'
INFO:	Place the markers on the reference tree...
INFO:	Running 1 job(s) on sepp, starting at 01/21/2021 22:51:43
INFO:	[sepp]	1 of 1 task(s) completed
INFO:	Lineage metazoa is selected, supported by 22 markers out of 66
INFO:	Downloading file 'https://busco-data.ezlab.org/v4/data/lineages/metazoa_odb10.2020-09-10.tar.gz'
INFO:	Decompressing file '/busco_wd/busco_downloads/lineages/metazoa_odb10.tar.gz'
INFO:	Running BUSCO using lineage dataset metazoa_odb10 (eukaryota, 2020-09-10)
INFO:	Running 1 job(s) on metaeuk, starting at 01/21/2021 22:52:49
INFO:	[metaeuk]	1 of 1 task(s) completed
INFO:	***** Run HMMER on gene sequences *****
INFO:	Running 954 job(s) on hmmsearch, starting at 01/21/2021 22:55:58
INFO:	[hmmsearch]	96 of 954 task(s) completed
INFO:	[hmmsearch]	191 of 954 task(s) completed
INFO:	[hmmsearch]	287 of 954 task(s) completed
INFO:	[hmmsearch]	382 of 954 task(s) completed
INFO:	[hmmsearch]	478 of 954 task(s) completed
INFO:	[hmmsearch]	573 of 954 task(s) completed
INFO:	[hmmsearch]	668 of 954 task(s) completed
INFO:	[hmmsearch]	668 of 954 task(s) completed
INFO:	[hmmsearch]	764 of 954 task(s) completed
INFO:	[hmmsearch]	859 of 954 task(s) completed
INFO:	[hmmsearch]	859 of 954 task(s) completed
INFO:	[hmmsearch]	954 of 954 task(s) completed
INFO:	Extracting missing and fragmented buscos from the file refseq_db.faa...
INFO:	Running 1 job(s) on metaeuk, starting at 01/21/2021 22:56:37
INFO:	[metaeuk]	1 of 1 task(s) completed
INFO:	Metaeuk rerun did not find any genes
INFO:	

	--------------------------------------------------
	|Results from generic domain eukaryota_odb10      |
	--------------------------------------------------
	|C:62.0%[S:60.8%,D:1.2%],F:13.3%,M:24.7%,n:255    |
	|158	Complete BUSCOs (C)                       |
	|155	Complete and single-copy BUSCOs (S)       |
	|3	Complete and duplicated BUSCOs (D)        |
	|34	Fragmented BUSCOs (F)                     |
	|63	Missing BUSCOs (M)                        |
	|255	Total BUSCO groups searched               |
	--------------------------------------------------

	--------------------------------------------------
	|Results from dataset metazoa_odb10               |
	--------------------------------------------------
	|C:49.6%[S:48.4%,D:1.2%],F:16.1%,M:34.3%,n:954    |
	|473	Complete BUSCOs (C)                       |
	|462	Complete and single-copy BUSCOs (S)       |
	|11	Complete and duplicated BUSCOs (D)        |
	|154	Fragmented BUSCOs (F)                     |
	|327	Missing BUSCOs (M)                        |
	|954	Total BUSCO groups searched               |
	--------------------------------------------------
INFO:	BUSCO analysis done. Total running time: 1229 seconds
INFO:	Results written in /busco_wd/FL2015_44_busco_genome_auto_lineage_euk

INFO:	***** Start a BUSCO v5.beta.1 analysis, current time: 01/21/2021 22:56:39 *****
INFO:	Configuring BUSCO with /busco/config/config.ini
INFO:	Mode is genome
INFO:	Input file is /busco_wd/eukaryota.fna
INFO:	Downloading information on latest versions of BUSCO data...
INFO:	Running BUSCO using lineage dataset metazoa_odb10 (eukaryota, 2020-09-10)
INFO:	Running 1 job(s) on metaeuk, starting at 01/21/2021 22:56:43
INFO:	[metaeuk]	1 of 1 task(s) completed
INFO:	***** Run HMMER on gene sequences *****
INFO:	Running 954 job(s) on hmmsearch, starting at 01/21/2021 22:59:52
INFO:	[hmmsearch]	96 of 954 task(s) completed
INFO:	[hmmsearch]	191 of 954 task(s) completed
INFO:	[hmmsearch]	287 of 954 task(s) completed
INFO:	[hmmsearch]	382 of 954 task(s) completed
INFO:	[hmmsearch]	478 of 954 task(s) completed
INFO:	[hmmsearch]	573 of 954 task(s) completed
INFO:	[hmmsearch]	764 of 954 task(s) completed
INFO:	[hmmsearch]	859 of 954 task(s) completed
INFO:	[hmmsearch]	954 of 954 task(s) completed
INFO:	Extracting missing and fragmented buscos from the file refseq_db.faa...
INFO:	Running 1 job(s) on metaeuk, starting at 01/21/2021 23:00:31
INFO:	[metaeuk]	1 of 1 task(s) completed
INFO:	Metaeuk rerun did not find any genes
INFO:	

	--------------------------------------------------
	|Results from dataset metazoa_odb10               |
	--------------------------------------------------
	|C:49.6%[S:48.4%,D:1.2%],F:16.1%,M:34.3%,n:954    |
	|473	Complete BUSCOs (C)                       |
	|462	Complete and single-copy BUSCOs (S)       |
	|11	Complete and duplicated BUSCOs (D)        |
	|154	Fragmented BUSCOs (F)                     |
	|327	Missing BUSCOs (M)                        |
	|954	Total BUSCO groups searched               |
	--------------------------------------------------
INFO:	BUSCO analysis done. Total running time: 233 seconds
INFO:	Results written in /busco_wd/FL2015_44_busco_genome_metazoa_odb10

INFO:	***** Start a BUSCO v5.beta.1 analysis, current time: 01/21/2021 23:00:33 *****
INFO:	Configuring BUSCO with /busco/config/config.ini
INFO:	Mode is genome
INFO:	Input file is /busco_wd/eukaryota.fna
INFO:	Downloading information on latest versions of BUSCO data...
INFO:	No lineage specified. Running lineage auto selector.

INFO:	***** Starting Auto Select Lineage *****
	This process runs BUSCO on the generic lineage datasets for the domains archaea, bacteria and eukaryota. Once the optimal domain is selected, BUSCO automatically attempts to find the most appropriate BUSCO dataset to use based on phylogenetic placement.
	--auto-lineage-euk and --auto-lineage-prok are also available if you know your input assembly is, or is not, an eukaryote. See the user guide for more information.
	A reminder: Busco evaluations are valid when an appropriate dataset is used, i.e., the dataset belongs to the lineage of the species to test. Because of overlapping markers/spurious matches among domains, busco matches in another domain do not necessarily mean that your genome/proteome contains sequences from this domain. However, a high busco score in multiple domains might help you identify possible contaminations.
INFO:	Downloading file 'https://busco-data.ezlab.org/v4/data/lineages/eukaryota_odb10.2020-09-10.tar.gz'
INFO:	Decompressing file '/busco_wd/busco_downloads/lineages/eukaryota_odb10.tar.gz'
INFO:	Running BUSCO using lineage dataset eukaryota_odb10 (eukaryota, 2020-09-10)
INFO:	Running 1 job(s) on metaeuk, starting at 01/21/2021 23:00:47
INFO:	[metaeuk]	1 of 1 task(s) completed
INFO:	***** Run HMMER on gene sequences *****
INFO:	Running 255 job(s) on hmmsearch, starting at 01/21/2021 23:03:51
INFO:	[hmmsearch]	26 of 255 task(s) completed
INFO:	[hmmsearch]	51 of 255 task(s) completed
INFO:	[hmmsearch]	77 of 255 task(s) completed
INFO:	[hmmsearch]	102 of 255 task(s) completed
INFO:	[hmmsearch]	128 of 255 task(s) completed
INFO:	[hmmsearch]	153 of 255 task(s) completed
INFO:	[hmmsearch]	179 of 255 task(s) completed
INFO:	[hmmsearch]	204 of 255 task(s) completed
INFO:	[hmmsearch]	230 of 255 task(s) completed
INFO:	[hmmsearch]	255 of 255 task(s) completed
INFO:	Results:	C:27.4%[S:23.5%,D:3.9%],F:27.5%,M:45.1%,n:255	   

INFO:	Extracting missing and fragmented buscos from the file refseq_db.faa...
INFO:	Running 1 job(s) on metaeuk, starting at 01/21/2021 23:04:11
INFO:	[metaeuk]	1 of 1 task(s) completed
INFO:	***** Run HMMER on gene sequences *****
INFO:	Running 185 job(s) on hmmsearch, starting at 01/21/2021 23:17:08
INFO:	[hmmsearch]	37 of 185 task(s) completed
INFO:	[hmmsearch]	56 of 185 task(s) completed
INFO:	[hmmsearch]	74 of 185 task(s) completed
INFO:	[hmmsearch]	93 of 185 task(s) completed
INFO:	[hmmsearch]	111 of 185 task(s) completed
INFO:	[hmmsearch]	130 of 185 task(s) completed
INFO:	[hmmsearch]	148 of 185 task(s) completed
INFO:	[hmmsearch]	167 of 185 task(s) completed
INFO:	[hmmsearch]	167 of 185 task(s) completed
INFO:	[hmmsearch]	185 of 185 task(s) completed
INFO:	Results:	C:29.4%[S:25.5%,D:3.9%],F:27.5%,M:43.1%,n:255	   

INFO:	eukaryota_odb10 selected

INFO:	***** Searching tree for chosen lineage to find best taxonomic match *****

INFO:	Extract markers...
INFO:	Downloading file 'https://busco-data.ezlab.org/v4/data/placement_files/list_of_reference_markers.eukaryota_odb10.2019-12-16.txt.tar.gz'
INFO:	Decompressing file '/busco_wd/busco_downloads/placement_files/list_of_reference_markers.eukaryota_odb10.2019-12-16.txt.tar.gz'
INFO:	Downloading file 'https://busco-data.ezlab.org/v4/data/placement_files/tree.eukaryota_odb10.2019-12-16.nwk.tar.gz'
INFO:	Decompressing file '/busco_wd/busco_downloads/placement_files/tree.eukaryota_odb10.2019-12-16.nwk.tar.gz'
INFO:	Downloading file 'https://busco-data.ezlab.org/v4/data/placement_files/tree_metadata.eukaryota_odb10.2019-12-16.txt.tar.gz'
INFO:	Decompressing file '/busco_wd/busco_downloads/placement_files/tree_metadata.eukaryota_odb10.2019-12-16.txt.tar.gz'
INFO:	Downloading file 'https://busco-data.ezlab.org/v4/data/placement_files/supermatrix.aln.eukaryota_odb10.2019-12-16.faa.tar.gz'
INFO:	Decompressing file '/busco_wd/busco_downloads/placement_files/supermatrix.aln.eukaryota_odb10.2019-12-16.faa.tar.gz'
INFO:	Downloading file 'https://busco-data.ezlab.org/v4/data/placement_files/mapping_taxids-busco_dataset_name.eukaryota_odb10.2019-12-16.txt.tar.gz'
INFO:	Decompressing file '/busco_wd/busco_downloads/placement_files/mapping_taxids-busco_dataset_name.eukaryota_odb10.2019-12-16.txt.tar.gz'
INFO:	Downloading file 'https://busco-data.ezlab.org/v4/data/placement_files/mapping_taxid-lineage.eukaryota_odb10.2019-12-16.txt.tar.gz'
INFO:	Decompressing file '/busco_wd/busco_downloads/placement_files/mapping_taxid-lineage.eukaryota_odb10.2019-12-16.txt.tar.gz'
INFO:	Place the markers on the reference tree...
INFO:	Running 1 job(s) on sepp, starting at 01/21/2021 23:17:17
INFO:	[sepp]	1 of 1 task(s) completed
INFO:	Not enough markers were placed on the tree (8). Root lineage eukaryota is kept
INFO:	

	--------------------------------------------------
	|Results from dataset eukaryota_odb10             |
	--------------------------------------------------
	|C:29.4%[S:25.5%,D:3.9%],F:27.5%,M:43.1%,n:255    |
	|75	Complete BUSCOs (C)                       |
	|65	Complete and single-copy BUSCOs (S)       |
	|10	Complete and duplicated BUSCOs (D)        |
	|70	Fragmented BUSCOs (F)                     |
	|110	Missing BUSCOs (M)                        |
	|255	Total BUSCO groups searched               |
	--------------------------------------------------
INFO:	BUSCO analysis done. Total running time: 1040 seconds
INFO:	Results written in /busco_wd/FL2015_5_busco_genome_auto_lineage_euk

INFO:	***** Start a BUSCO v5.beta.1 analysis, current time: 01/21/2021 23:17:54 *****
INFO:	Configuring BUSCO with /busco/config/config.ini
INFO:	Mode is genome
INFO:	Input file is /busco_wd/eukaryota.fna
INFO:	Downloading information on latest versions of BUSCO data...
INFO:	Downloading file 'https://busco-data.ezlab.org/v4/data/lineages/metazoa_odb10.2020-09-10.tar.gz'
INFO:	Decompressing file '/busco_wd/busco_downloads/lineages/metazoa_odb10.tar.gz'
INFO:	Running BUSCO using lineage dataset metazoa_odb10 (eukaryota, 2020-09-10)
INFO:	Running 1 job(s) on metaeuk, starting at 01/21/2021 23:18:11
INFO:	[metaeuk]	1 of 1 task(s) completed
INFO:	***** Run HMMER on gene sequences *****
INFO:	Running 954 job(s) on hmmsearch, starting at 01/21/2021 23:21:10
INFO:	[hmmsearch]	96 of 954 task(s) completed
INFO:	[hmmsearch]	191 of 954 task(s) completed
INFO:	[hmmsearch]	287 of 954 task(s) completed
INFO:	[hmmsearch]	382 of 954 task(s) completed
INFO:	[hmmsearch]	478 of 954 task(s) completed
INFO:	[hmmsearch]	573 of 954 task(s) completed
INFO:	[hmmsearch]	668 of 954 task(s) completed
INFO:	[hmmsearch]	764 of 954 task(s) completed
INFO:	[hmmsearch]	764 of 954 task(s) completed
INFO:	[hmmsearch]	859 of 954 task(s) completed
INFO:	[hmmsearch]	954 of 954 task(s) completed
INFO:	Extracting missing and fragmented buscos from the file refseq_db.faa...
INFO:	Running 1 job(s) on metaeuk, starting at 01/21/2021 23:22:04
INFO:	[metaeuk]	1 of 1 task(s) completed
INFO:	Metaeuk rerun did not find any genes
INFO:	

	--------------------------------------------------
	|Results from dataset metazoa_odb10               |
	--------------------------------------------------
	|C:25.1%[S:21.5%,D:3.6%],F:24.7%,M:50.2%,n:954    |
	|239	Complete BUSCOs (C)                       |
	|205	Complete and single-copy BUSCOs (S)       |
	|34	Complete and duplicated BUSCOs (D)        |
	|236	Fragmented BUSCOs (F)                     |
	|479	Missing BUSCOs (M)                        |
	|954	Total BUSCO groups searched               |
	--------------------------------------------------
INFO:	BUSCO analysis done. Total running time: 251 seconds
INFO:	Results written in /busco_wd/FL2015_5_busco_genome_metazoa_odb10

INFO:	***** Start a BUSCO v5.beta.1 analysis, current time: 01/21/2021 23:22:06 *****
INFO:	Configuring BUSCO with /busco/config/config.ini
INFO:	Mode is genome
INFO:	Input file is /busco_wd/eukaryota.fna
INFO:	Downloading information on latest versions of BUSCO data...
INFO:	No lineage specified. Running lineage auto selector.

INFO:	***** Starting Auto Select Lineage *****
	This process runs BUSCO on the generic lineage datasets for the domains archaea, bacteria and eukaryota. Once the optimal domain is selected, BUSCO automatically attempts to find the most appropriate BUSCO dataset to use based on phylogenetic placement.
	--auto-lineage-euk and --auto-lineage-prok are also available if you know your input assembly is, or is not, an eukaryote. See the user guide for more information.
	A reminder: Busco evaluations are valid when an appropriate dataset is used, i.e., the dataset belongs to the lineage of the species to test. Because of overlapping markers/spurious matches among domains, busco matches in another domain do not necessarily mean that your genome/proteome contains sequences from this domain. However, a high busco score in multiple domains might help you identify possible contaminations.
INFO:	Downloading file 'https://busco-data.ezlab.org/v4/data/lineages/eukaryota_odb10.2020-09-10.tar.gz'
INFO:	Decompressing file '/busco_wd/busco_downloads/lineages/eukaryota_odb10.tar.gz'
INFO:	Running BUSCO using lineage dataset eukaryota_odb10 (eukaryota, 2020-09-10)
INFO:	Running 1 job(s) on metaeuk, starting at 01/21/2021 23:22:19
INFO:	[metaeuk]	1 of 1 task(s) completed
INFO:	***** Run HMMER on gene sequences *****
INFO:	Running 255 job(s) on hmmsearch, starting at 01/21/2021 23:23:35
INFO:	[hmmsearch]	26 of 255 task(s) completed
INFO:	[hmmsearch]	51 of 255 task(s) completed
INFO:	[hmmsearch]	77 of 255 task(s) completed
INFO:	[hmmsearch]	128 of 255 task(s) completed
INFO:	[hmmsearch]	128 of 255 task(s) completed
INFO:	[hmmsearch]	153 of 255 task(s) completed
INFO:	[hmmsearch]	179 of 255 task(s) completed
INFO:	[hmmsearch]	204 of 255 task(s) completed
INFO:	[hmmsearch]	230 of 255 task(s) completed
INFO:	[hmmsearch]	255 of 255 task(s) completed
INFO:	Results:	C:21.2%[S:21.2%,D:0.0%],F:24.3%,M:54.5%,n:255	   

INFO:	Extracting missing and fragmented buscos from the file refseq_db.faa...
INFO:	Running 1 job(s) on metaeuk, starting at 01/21/2021 23:23:56
INFO:	[metaeuk]	1 of 1 task(s) completed
INFO:	***** Run HMMER on gene sequences *****
INFO:	Running 201 job(s) on hmmsearch, starting at 01/21/2021 23:29:25
INFO:	[hmmsearch]	21 of 201 task(s) completed
INFO:	[hmmsearch]	41 of 201 task(s) completed
INFO:	[hmmsearch]	61 of 201 task(s) completed
INFO:	[hmmsearch]	81 of 201 task(s) completed
INFO:	[hmmsearch]	101 of 201 task(s) completed
INFO:	[hmmsearch]	121 of 201 task(s) completed
INFO:	[hmmsearch]	141 of 201 task(s) completed
INFO:	[hmmsearch]	161 of 201 task(s) completed
INFO:	[hmmsearch]	181 of 201 task(s) completed
INFO:	[hmmsearch]	201 of 201 task(s) completed
INFO:	Results:	C:22.4%[S:22.4%,D:0.0%],F:24.3%,M:53.3%,n:255	   

INFO:	eukaryota_odb10 selected

INFO:	***** Searching tree for chosen lineage to find best taxonomic match *****

INFO:	Extract markers...
INFO:	Downloading file 'https://busco-data.ezlab.org/v4/data/placement_files/list_of_reference_markers.eukaryota_odb10.2019-12-16.txt.tar.gz'
INFO:	Decompressing file '/busco_wd/busco_downloads/placement_files/list_of_reference_markers.eukaryota_odb10.2019-12-16.txt.tar.gz'
INFO:	Downloading file 'https://busco-data.ezlab.org/v4/data/placement_files/tree.eukaryota_odb10.2019-12-16.nwk.tar.gz'
INFO:	Decompressing file '/busco_wd/busco_downloads/placement_files/tree.eukaryota_odb10.2019-12-16.nwk.tar.gz'
INFO:	Downloading file 'https://busco-data.ezlab.org/v4/data/placement_files/tree_metadata.eukaryota_odb10.2019-12-16.txt.tar.gz'
INFO:	Decompressing file '/busco_wd/busco_downloads/placement_files/tree_metadata.eukaryota_odb10.2019-12-16.txt.tar.gz'
INFO:	Downloading file 'https://busco-data.ezlab.org/v4/data/placement_files/supermatrix.aln.eukaryota_odb10.2019-12-16.faa.tar.gz'
INFO:	Decompressing file '/busco_wd/busco_downloads/placement_files/supermatrix.aln.eukaryota_odb10.2019-12-16.faa.tar.gz'
INFO:	Downloading file 'https://busco-data.ezlab.org/v4/data/placement_files/mapping_taxids-busco_dataset_name.eukaryota_odb10.2019-12-16.txt.tar.gz'
INFO:	Decompressing file '/busco_wd/busco_downloads/placement_files/mapping_taxids-busco_dataset_name.eukaryota_odb10.2019-12-16.txt.tar.gz'
INFO:	Downloading file 'https://busco-data.ezlab.org/v4/data/placement_files/mapping_taxid-lineage.eukaryota_odb10.2019-12-16.txt.tar.gz'
INFO:	Decompressing file '/busco_wd/busco_downloads/placement_files/mapping_taxid-lineage.eukaryota_odb10.2019-12-16.txt.tar.gz'
INFO:	Place the markers on the reference tree...
INFO:	Running 1 job(s) on sepp, starting at 01/21/2021 23:29:34
INFO:	[sepp]	1 of 1 task(s) completed
INFO:	Not enough markers were placed on the tree (10). Root lineage eukaryota is kept
INFO:	

	--------------------------------------------------
	|Results from dataset eukaryota_odb10             |
	--------------------------------------------------
	|C:22.4%[S:22.4%,D:0.0%],F:24.3%,M:53.3%,n:255    |
	|57	Complete BUSCOs (C)                       |
	|57	Complete and single-copy BUSCOs (S)       |
	|0	Complete and duplicated BUSCOs (D)        |
	|62	Fragmented BUSCOs (F)                     |
	|136	Missing BUSCOs (M)                        |
	|255	Total BUSCO groups searched               |
	--------------------------------------------------
INFO:	BUSCO analysis done. Total running time: 483 seconds
INFO:	Results written in /busco_wd/FL2015_8_busco_genome_auto_lineage_euk

INFO:	***** Start a BUSCO v5.beta.1 analysis, current time: 01/21/2021 23:30:10 *****
INFO:	Configuring BUSCO with /busco/config/config.ini
INFO:	Mode is genome
INFO:	Input file is /busco_wd/eukaryota.fna
INFO:	Downloading information on latest versions of BUSCO data...
INFO:	Downloading file 'https://busco-data.ezlab.org/v4/data/lineages/metazoa_odb10.2020-09-10.tar.gz'
INFO:	Decompressing file '/busco_wd/busco_downloads/lineages/metazoa_odb10.tar.gz'
INFO:	Running BUSCO using lineage dataset metazoa_odb10 (eukaryota, 2020-09-10)
INFO:	Running 1 job(s) on metaeuk, starting at 01/21/2021 23:30:28
INFO:	[metaeuk]	1 of 1 task(s) completed
INFO:	***** Run HMMER on gene sequences *****
INFO:	Running 954 job(s) on hmmsearch, starting at 01/21/2021 23:31:43
INFO:	[hmmsearch]	96 of 954 task(s) completed
INFO:	[hmmsearch]	191 of 954 task(s) completed
INFO:	[hmmsearch]	287 of 954 task(s) completed
INFO:	[hmmsearch]	382 of 954 task(s) completed
INFO:	[hmmsearch]	478 of 954 task(s) completed
INFO:	[hmmsearch]	573 of 954 task(s) completed
INFO:	[hmmsearch]	668 of 954 task(s) completed
INFO:	[hmmsearch]	764 of 954 task(s) completed
INFO:	[hmmsearch]	859 of 954 task(s) completed
INFO:	[hmmsearch]	954 of 954 task(s) completed
INFO:	Extracting missing and fragmented buscos from the file refseq_db.faa...
INFO:	Running 1 job(s) on metaeuk, starting at 01/21/2021 23:32:36
INFO:	[metaeuk]	1 of 1 task(s) completed
INFO:	Metaeuk rerun did not find any genes
INFO:	

	--------------------------------------------------
	|Results from dataset metazoa_odb10               |
	--------------------------------------------------
	|C:23.1%[S:22.9%,D:0.2%],F:18.2%,M:58.7%,n:954    |
	|220	Complete BUSCOs (C)                       |
	|218	Complete and single-copy BUSCOs (S)       |
	|2	Complete and duplicated BUSCOs (D)        |
	|174	Fragmented BUSCOs (F)                     |
	|560	Missing BUSCOs (M)                        |
	|954	Total BUSCO groups searched               |
	--------------------------------------------------
INFO:	BUSCO analysis done. Total running time: 146 seconds
INFO:	Results written in /busco_wd/FL2015_8_busco_genome_metazoa_odb10

INFO:	***** Start a BUSCO v5.beta.1 analysis, current time: 01/21/2021 23:32:38 *****
INFO:	Configuring BUSCO with /busco/config/config.ini
INFO:	Mode is genome
INFO:	Input file is /busco_wd/eukaryota.fna
INFO:	Downloading information on latest versions of BUSCO data...
INFO:	No lineage specified. Running lineage auto selector.

INFO:	***** Starting Auto Select Lineage *****
	This process runs BUSCO on the generic lineage datasets for the domains archaea, bacteria and eukaryota. Once the optimal domain is selected, BUSCO automatically attempts to find the most appropriate BUSCO dataset to use based on phylogenetic placement.
	--auto-lineage-euk and --auto-lineage-prok are also available if you know your input assembly is, or is not, an eukaryote. See the user guide for more information.
	A reminder: Busco evaluations are valid when an appropriate dataset is used, i.e., the dataset belongs to the lineage of the species to test. Because of overlapping markers/spurious matches among domains, busco matches in another domain do not necessarily mean that your genome/proteome contains sequences from this domain. However, a high busco score in multiple domains might help you identify possible contaminations.
INFO:	Downloading file 'https://busco-data.ezlab.org/v4/data/lineages/eukaryota_odb10.2020-09-10.tar.gz'
INFO:	Decompressing file '/busco_wd/busco_downloads/lineages/eukaryota_odb10.tar.gz'
INFO:	Running BUSCO using lineage dataset eukaryota_odb10 (eukaryota, 2020-09-10)
INFO:	Running 1 job(s) on metaeuk, starting at 01/21/2021 23:32:52
INFO:	[metaeuk]	1 of 1 task(s) completed
INFO:	***** Run HMMER on gene sequences *****
INFO:	Running 255 job(s) on hmmsearch, starting at 01/21/2021 23:35:00
INFO:	[hmmsearch]	51 of 255 task(s) completed
INFO:	[hmmsearch]	77 of 255 task(s) completed
INFO:	[hmmsearch]	102 of 255 task(s) completed
INFO:	[hmmsearch]	128 of 255 task(s) completed
INFO:	[hmmsearch]	153 of 255 task(s) completed
INFO:	[hmmsearch]	179 of 255 task(s) completed
INFO:	[hmmsearch]	204 of 255 task(s) completed
INFO:	[hmmsearch]	230 of 255 task(s) completed
INFO:	[hmmsearch]	255 of 255 task(s) completed
INFO:	Results:	C:42.3%[S:39.6%,D:2.7%],F:33.3%,M:24.4%,n:255	   

INFO:	Extracting missing and fragmented buscos from the file refseq_db.faa...
INFO:	Running 1 job(s) on metaeuk, starting at 01/21/2021 23:35:18
INFO:	[metaeuk]	1 of 1 task(s) completed
INFO:	***** Run HMMER on gene sequences *****
INFO:	Running 147 job(s) on hmmsearch, starting at 01/21/2021 23:43:08
INFO:	[hmmsearch]	15 of 147 task(s) completed
INFO:	[hmmsearch]	30 of 147 task(s) completed
INFO:	[hmmsearch]	59 of 147 task(s) completed
INFO:	[hmmsearch]	74 of 147 task(s) completed
INFO:	[hmmsearch]	89 of 147 task(s) completed
INFO:	[hmmsearch]	103 of 147 task(s) completed
INFO:	[hmmsearch]	118 of 147 task(s) completed
INFO:	[hmmsearch]	133 of 147 task(s) completed
INFO:	[hmmsearch]	147 of 147 task(s) completed
INFO:	Results:	C:43.9%[S:41.2%,D:2.7%],F:33.3%,M:22.8%,n:255	   

INFO:	eukaryota_odb10 selected

INFO:	***** Searching tree for chosen lineage to find best taxonomic match *****

INFO:	Extract markers...
INFO:	Downloading file 'https://busco-data.ezlab.org/v4/data/placement_files/list_of_reference_markers.eukaryota_odb10.2019-12-16.txt.tar.gz'
INFO:	Decompressing file '/busco_wd/busco_downloads/placement_files/list_of_reference_markers.eukaryota_odb10.2019-12-16.txt.tar.gz'
INFO:	Downloading file 'https://busco-data.ezlab.org/v4/data/placement_files/tree.eukaryota_odb10.2019-12-16.nwk.tar.gz'
INFO:	Decompressing file '/busco_wd/busco_downloads/placement_files/tree.eukaryota_odb10.2019-12-16.nwk.tar.gz'
INFO:	Downloading file 'https://busco-data.ezlab.org/v4/data/placement_files/tree_metadata.eukaryota_odb10.2019-12-16.txt.tar.gz'
INFO:	Decompressing file '/busco_wd/busco_downloads/placement_files/tree_metadata.eukaryota_odb10.2019-12-16.txt.tar.gz'
INFO:	Downloading file 'https://busco-data.ezlab.org/v4/data/placement_files/supermatrix.aln.eukaryota_odb10.2019-12-16.faa.tar.gz'
INFO:	Decompressing file '/busco_wd/busco_downloads/placement_files/supermatrix.aln.eukaryota_odb10.2019-12-16.faa.tar.gz'
INFO:	Downloading file 'https://busco-data.ezlab.org/v4/data/placement_files/mapping_taxids-busco_dataset_name.eukaryota_odb10.2019-12-16.txt.tar.gz'
INFO:	Decompressing file '/busco_wd/busco_downloads/placement_files/mapping_taxids-busco_dataset_name.eukaryota_odb10.2019-12-16.txt.tar.gz'
INFO:	Downloading file 'https://busco-data.ezlab.org/v4/data/placement_files/mapping_taxid-lineage.eukaryota_odb10.2019-12-16.txt.tar.gz'
INFO:	Decompressing file '/busco_wd/busco_downloads/placement_files/mapping_taxid-lineage.eukaryota_odb10.2019-12-16.txt.tar.gz'
INFO:	Place the markers on the reference tree...
INFO:	Running 1 job(s) on sepp, starting at 01/21/2021 23:43:17
INFO:	[sepp]	1 of 1 task(s) completed
INFO:	Not enough markers were placed on the tree (10). Root lineage eukaryota is kept
INFO:	

	--------------------------------------------------
	|Results from dataset eukaryota_odb10             |
	--------------------------------------------------
	|C:43.9%[S:41.2%,D:2.7%],F:33.3%,M:22.8%,n:255    |
	|112	Complete BUSCOs (C)                       |
	|105	Complete and single-copy BUSCOs (S)       |
	|7	Complete and duplicated BUSCOs (D)        |
	|85	Fragmented BUSCOs (F)                     |
	|58	Missing BUSCOs (M)                        |
	|255	Total BUSCO groups searched               |
	--------------------------------------------------
INFO:	BUSCO analysis done. Total running time: 677 seconds
INFO:	Results written in /busco_wd/FL2015_9_busco_genome_auto_lineage_euk

INFO:	***** Start a BUSCO v5.beta.1 analysis, current time: 01/21/2021 23:43:56 *****
INFO:	Configuring BUSCO with /busco/config/config.ini
INFO:	Mode is genome
INFO:	Input file is /busco_wd/eukaryota.fna
INFO:	Downloading information on latest versions of BUSCO data...
INFO:	Downloading file 'https://busco-data.ezlab.org/v4/data/lineages/metazoa_odb10.2020-09-10.tar.gz'
INFO:	Decompressing file '/busco_wd/busco_downloads/lineages/metazoa_odb10.tar.gz'
INFO:	Running BUSCO using lineage dataset metazoa_odb10 (eukaryota, 2020-09-10)
INFO:	Running 1 job(s) on metaeuk, starting at 01/21/2021 23:44:13
INFO:	[metaeuk]	1 of 1 task(s) completed
INFO:	***** Run HMMER on gene sequences *****
INFO:	Running 954 job(s) on hmmsearch, starting at 01/21/2021 23:46:17
INFO:	[hmmsearch]	96 of 954 task(s) completed
INFO:	[hmmsearch]	191 of 954 task(s) completed
INFO:	[hmmsearch]	287 of 954 task(s) completed
INFO:	[hmmsearch]	382 of 954 task(s) completed
INFO:	[hmmsearch]	478 of 954 task(s) completed
INFO:	[hmmsearch]	573 of 954 task(s) completed
INFO:	[hmmsearch]	668 of 954 task(s) completed
INFO:	[hmmsearch]	764 of 954 task(s) completed
INFO:	[hmmsearch]	859 of 954 task(s) completed
INFO:	[hmmsearch]	954 of 954 task(s) completed
INFO:	Extracting missing and fragmented buscos from the file refseq_db.faa...
INFO:	Running 1 job(s) on metaeuk, starting at 01/21/2021 23:46:57
INFO:	[metaeuk]	1 of 1 task(s) completed
INFO:	Metaeuk rerun did not find any genes
INFO:	

	--------------------------------------------------
	|Results from dataset metazoa_odb10               |
	--------------------------------------------------
	|C:49.8%[S:45.8%,D:4.0%],F:21.4%,M:28.8%,n:954    |
	|475	Complete BUSCOs (C)                       |
	|437	Complete and single-copy BUSCOs (S)       |
	|38	Complete and duplicated BUSCOs (D)        |
	|204	Fragmented BUSCOs (F)                     |
	|275	Missing BUSCOs (M)                        |
	|954	Total BUSCO groups searched               |
	--------------------------------------------------
INFO:	BUSCO analysis done. Total running time: 182 seconds
INFO:	Results written in /busco_wd/FL2015_9_busco_genome_metazoa_odb10

